<?xml version="1.0" encoding="UTF-8"?>
<coverage generated="1742809111407" clover="3.2.0">
  <project timestamp="1742809111407" name="All files">
    <metrics statements="273" coveredstatements="220" conditionals="151" coveredconditionals="102" methods="91" coveredmethods="66" elements="515" coveredelements="388" complexity="0" loc="273" ncloc="273" packages="2" files="3" classes="3"/>
    <package name="In_memory_storage">
      <metrics statements="1" coveredstatements="1" conditionals="0" coveredconditionals="0" methods="0" coveredmethods="0"/>
      <file name="Concerts.js" path="D:\School\2ndY_S2\MPP\battlepass\src\In_memory_storage\Concerts.js">
        <metrics statements="1" coveredstatements="1" conditionals="0" coveredconditionals="0" methods="0" coveredmethods="0"/>
        <line num="3" count="1" type="stmt"/>
      </file>
    </package>
    <package name="pages">
      <metrics statements="272" coveredstatements="219" conditionals="151" coveredconditionals="102" methods="91" coveredmethods="66"/>
      <file name="AdminPage.jsx" path="D:\School\2ndY_S2\MPP\battlepass\src\pages\AdminPage.jsx">
        <metrics statements="82" coveredstatements="64" conditionals="82" coveredconditionals="53" methods="16" coveredmethods="12"/>
        <line num="7" count="30" type="stmt"/>
        <line num="10" count="30" type="stmt"/>
        <line num="20" count="30" type="stmt"/>
        <line num="23" count="30" type="stmt"/>
        <line num="26" count="30" type="stmt"/>
        <line num="29" count="30" type="stmt"/>
        <line num="32" count="30" type="stmt"/>
        <line num="33" count="19" type="stmt"/>
        <line num="34" count="19" type="stmt"/>
        <line num="40" count="19" type="cond" truecount="1" falsecount="1"/>
        <line num="41" count="0" type="stmt"/>
        <line num="49" count="30" type="stmt"/>
        <line num="50" count="4" type="stmt"/>
        <line num="53" count="4" type="cond" truecount="1" falsecount="1"/>
        <line num="54" count="0" type="stmt"/>
        <line num="55" count="4" type="cond" truecount="1" falsecount="1"/>
        <line num="56" count="0" type="stmt"/>
        <line num="60" count="4" type="cond" truecount="1" falsecount="1"/>
        <line num="61" count="0" type="stmt"/>
        <line num="65" count="4" type="cond" truecount="1" falsecount="1"/>
        <line num="66" count="0" type="stmt"/>
        <line num="70" count="4" type="cond" truecount="1" falsecount="1"/>
        <line num="71" count="0" type="stmt"/>
        <line num="72" count="4" type="cond" truecount="1" falsecount="1"/>
        <line num="73" count="0" type="stmt"/>
        <line num="77" count="4" type="stmt"/>
        <line num="78" count="4" type="stmt"/>
        <line num="79" count="4" type="stmt"/>
        <line num="80" count="4" type="cond" truecount="1" falsecount="1"/>
        <line num="81" count="0" type="stmt"/>
        <line num="82" count="4" type="cond" truecount="1" falsecount="1"/>
        <line num="83" count="0" type="stmt"/>
        <line num="87" count="4" type="cond" truecount="1" falsecount="1"/>
        <line num="88" count="0" type="stmt"/>
        <line num="91" count="4" type="stmt"/>
        <line num="92" count="4" type="stmt"/>
        <line num="96" count="30" type="stmt"/>
        <line num="97" count="4" type="stmt"/>
        <line num="99" count="4" type="cond" truecount="1" falsecount="1"/>
        <line num="100" count="4" type="cond" truecount="4" falsecount="0"/>
        <line num="102" count="13" type="stmt"/>
        <line num="103" count="1" type="cond" truecount="1" falsecount="1"/>
        <line num="104" count="1" type="stmt"/>
        <line num="108" count="1" type="stmt"/>
        <line num="110" count="1" type="stmt"/>
        <line num="113" count="36" type="stmt"/>
        <line num="114" count="3" type="stmt"/>
        <line num="118" count="3" type="stmt"/>
        <line num="119" count="3" type="stmt"/>
        <line num="123" count="4" type="stmt"/>
        <line num="133" count="4" type="stmt"/>
        <line num="136" count="4" type="stmt"/>
        <line num="137" count="0" type="stmt"/>
        <line num="143" count="30" type="stmt"/>
        <line num="144" count="2" type="cond" truecount="2" falsecount="2"/>
        <line num="146" count="0" type="stmt"/>
        <line num="149" count="2" type="stmt"/>
        <line num="154" count="30" type="stmt"/>
        <line num="155" count="1" type="cond" truecount="1" falsecount="1"/>
        <line num="156" count="1" type="stmt"/>
        <line num="164" count="1" type="stmt"/>
        <line num="166" count="1" type="stmt"/>
        <line num="171" count="30" type="stmt"/>
        <line num="172" count="0" type="stmt"/>
        <line num="180" count="0" type="stmt"/>
        <line num="181" count="0" type="stmt"/>
        <line num="182" count="0" type="stmt"/>
        <line num="186" count="30" type="stmt"/>
        <line num="187" count="1" type="cond" truecount="1" falsecount="1"/>
        <line num="188" count="13" type="stmt"/>
        <line num="189" count="1" type="cond" truecount="1" falsecount="1"/>
        <line num="190" count="1" type="stmt"/>
        <line num="191" count="1" type="stmt"/>
        <line num="192" count="1" type="stmt"/>
        <line num="193" count="1" type="stmt"/>
        <line num="196" count="1" type="stmt"/>
        <line num="197" count="0" type="stmt"/>
        <line num="204" count="30" type="stmt"/>
        <line num="205" count="0" type="stmt"/>
        <line num="208" count="30" type="stmt"/>
        <line num="358" count="368" type="stmt"/>
        <line num="361" count="2" type="stmt"/>
      </file>
      <file name="Events.jsx" path="D:\School\2ndY_S2\MPP\battlepass\src\pages\Events.jsx">
        <metrics statements="190" coveredstatements="155" conditionals="69" coveredconditionals="49" methods="75" coveredmethods="54"/>
        <line num="8" count="2" type="stmt"/>
        <line num="9" count="76" type="stmt"/>
        <line num="10" count="76" type="stmt"/>
        <line num="11" count="76" type="stmt"/>
        <line num="12" count="76" type="stmt"/>
        <line num="13" count="76" type="stmt"/>
        <line num="14" count="76" type="stmt"/>
        <line num="15" count="76" type="stmt"/>
        <line num="16" count="76" type="stmt"/>
        <line num="17" count="76" type="stmt"/>
        <line num="18" count="76" type="stmt"/>
        <line num="19" count="76" type="stmt"/>
        <line num="20" count="76" type="stmt"/>
        <line num="21" count="76" type="stmt"/>
        <line num="22" count="76" type="stmt"/>
        <line num="23" count="76" type="stmt"/>
        <line num="25" count="76" type="stmt"/>
        <line num="27" count="76" type="stmt"/>
        <line num="28" count="76" type="stmt"/>
        <line num="29" count="76" type="stmt"/>
        <line num="31" count="76" type="stmt"/>
        <line num="32" count="76" type="stmt"/>
        <line num="35" count="76" type="stmt"/>
        <line num="36" count="9" type="stmt"/>
        <line num="37" count="12" type="cond" truecount="2" falsecount="0"/>
        <line num="38" count="9" type="stmt"/>
        <line num="41" count="0" type="stmt"/>
        <line num="44" count="76" type="stmt"/>
        <line num="45" count="1" type="stmt"/>
        <line num="48" count="76" type="stmt"/>
        <line num="49" count="1" type="stmt"/>
        <line num="50" count="1" type="stmt"/>
        <line num="54" count="76" type="stmt"/>
        <line num="55" count="23" type="cond" truecount="2" falsecount="0"/>
        <line num="58" count="55" type="stmt"/>
        <line num="59" count="37" type="stmt"/>
        <line num="62" count="22" type="stmt"/>
        <line num="63" count="22" type="stmt"/>
        <line num="65" count="22" type="stmt"/>
        <line num="73" count="76" type="stmt"/>
        <line num="74" count="198" type="stmt"/>
        <line num="75" count="198" type="cond" truecount="2" falsecount="0"/>
        <line num="76" count="106" type="stmt"/>
        <line num="77" count="92" type="cond" truecount="2" falsecount="0"/>
        <line num="78" count="53" type="stmt"/>
        <line num="80" count="39" type="stmt"/>
        <line num="85" count="76" type="stmt"/>
        <line num="86" count="36" type="cond" truecount="2" falsecount="0"/>
        <line num="88" count="94" type="stmt"/>
        <line num="89" count="35" type="stmt"/>
        <line num="90" count="94" type="stmt"/>
        <line num="91" count="94" type="cond" truecount="2" falsecount="0"/>
        <line num="93" count="94" type="stmt"/>
        <line num="95" count="35" type="stmt"/>
        <line num="103" count="76" type="stmt"/>
        <line num="104" count="36" type="cond" truecount="2" falsecount="0"/>
        <line num="106" count="35" type="stmt"/>
        <line num="107" count="35" type="stmt"/>
        <line num="108" count="94" type="cond" truecount="1" falsecount="1"/>
        <line num="109" count="0" type="stmt"/>
        <line num="111" count="94" type="stmt"/>
        <line num="115" count="94" type="stmt"/>
        <line num="122" count="76" type="stmt"/>
        <line num="123" count="36" type="cond" truecount="2" falsecount="0"/>
        <line num="126" count="35" type="stmt"/>
        <line num="127" count="35" type="stmt"/>
        <line num="128" count="94" type="cond" truecount="1" falsecount="1"/>
        <line num="129" count="94" type="stmt"/>
        <line num="131" count="94" type="stmt"/>
        <line num="135" count="35" type="stmt"/>
        <line num="136" count="85" type="stmt"/>
        <line num="138" count="94" type="stmt"/>
        <line num="139" count="94" type="stmt"/>
        <line num="140" count="94" type="stmt"/>
        <line num="144" count="94" type="stmt"/>
        <line num="152" count="76" type="stmt"/>
        <line num="154" count="0" type="stmt"/>
        <line num="155" count="0" type="stmt"/>
        <line num="156" count="0" type="stmt"/>
        <line num="161" count="0" type="stmt"/>
        <line num="171" count="0" type="stmt"/>
        <line num="175" count="76" type="stmt"/>
        <line num="176" count="0" type="cond" truecount="0" falsecount="2"/>
        <line num="177" count="0" type="stmt"/>
        <line num="178" count="0" type="stmt"/>
        <line num="183" count="76" type="stmt"/>
        <line num="184" count="0" type="cond" truecount="0" falsecount="2"/>
        <line num="185" count="0" type="stmt"/>
        <line num="186" count="0" type="stmt"/>
        <line num="187" count="0" type="stmt"/>
        <line num="188" count="0" type="cond" truecount="0" falsecount="2"/>
        <line num="197" count="76" type="stmt"/>
        <line num="198" count="0" type="stmt"/>
        <line num="199" count="0" type="cond" truecount="0" falsecount="4"/>
        <line num="201" count="0" type="stmt"/>
        <line num="202" count="0" type="stmt"/>
        <line num="204" count="0" type="stmt"/>
        <line num="205" count="0" type="stmt"/>
        <line num="207" count="0" type="stmt"/>
        <line num="208" count="0" type="stmt"/>
        <line num="210" count="0" type="stmt"/>
        <line num="215" count="76" type="stmt"/>
        <line num="216" count="2" type="stmt"/>
        <line num="217" count="2" type="stmt"/>
        <line num="218" count="2" type="stmt"/>
        <line num="222" count="76" type="stmt"/>
        <line num="223" count="4" type="stmt"/>
        <line num="226" count="76" type="stmt"/>
        <line num="227" count="23" type="stmt"/>
        <line num="230" count="23" type="cond" truecount="2" falsecount="0"/>
        <line num="231" count="2" type="stmt"/>
        <line num="232" count="2" type="stmt"/>
        <line num="233" count="6" type="cond" truecount="3" falsecount="0"/>
        <line num="239" count="23" type="cond" truecount="2" falsecount="0"/>
        <line num="240" count="3" type="stmt"/>
        <line num="243" count="23" type="cond" truecount="2" falsecount="0"/>
        <line num="244" count="3" type="stmt"/>
        <line num="245" count="9" type="stmt"/>
        <line num="246" count="9" type="stmt"/>
        <line num="247" count="9" type="stmt"/>
        <line num="251" count="23" type="cond" truecount="2" falsecount="0"/>
        <line num="252" count="2" type="stmt"/>
        <line num="255" count="23" type="stmt"/>
        <line num="256" count="58" type="stmt"/>
        <line num="257" count="58" type="cond" truecount="2" falsecount="0"/>
        <line num="260" count="23" type="cond" truecount="3" falsecount="1"/>
        <line num="262" count="21" type="stmt"/>
        <line num="264" count="55" type="stmt"/>
        <line num="265" count="55" type="stmt"/>
        <line num="266" count="55" type="stmt"/>
        <line num="268" count="21" type="stmt"/>
        <line num="270" count="2" type="stmt"/>
        <line num="271" count="1" type="stmt"/>
        <line num="273" count="2" type="stmt"/>
        <line num="274" count="1" type="stmt"/>
        <line num="277" count="0" type="stmt"/>
        <line num="281" count="23" type="stmt"/>
        <line num="282" count="23" type="stmt"/>
        <line num="284" count="23" type="stmt"/>
        <line num="285" count="23" type="stmt"/>
        <line num="288" count="76" type="stmt"/>
        <line num="290" count="36" type="stmt"/>
        <line num="291" count="36" type="stmt"/>
        <line num="292" count="36" type="stmt"/>
        <line num="295" count="36" type="cond" truecount="1" falsecount="1"/>
        <line num="296" count="0" type="stmt"/>
        <line num="300" count="36" type="stmt"/>
        <line num="301" count="36" type="cond" truecount="1" falsecount="1"/>
        <line num="302" count="0" type="stmt"/>
        <line num="308" count="76" type="stmt"/>
        <line num="309" count="76" type="stmt"/>
        <line num="310" count="76" type="stmt"/>
        <line num="312" count="76" type="stmt"/>
        <line num="313" count="1" type="stmt"/>
        <line num="314" count="1" type="cond" truecount="1" falsecount="1"/>
        <line num="318" count="76" type="stmt"/>
        <line num="319" count="2" type="stmt"/>
        <line num="320" count="2" type="stmt"/>
        <line num="324" count="76" type="stmt"/>
        <line num="325" count="1" type="stmt"/>
        <line num="326" count="1" type="stmt"/>
        <line num="330" count="76" type="stmt"/>
        <line num="331" count="1" type="stmt"/>
        <line num="332" count="1" type="stmt"/>
        <line num="336" count="76" type="stmt"/>
        <line num="337" count="0" type="stmt"/>
        <line num="340" count="76" type="stmt"/>
        <line num="379" count="0" type="stmt"/>
        <line num="382" count="0" type="stmt"/>
        <line num="404" count="0" type="stmt"/>
        <line num="420" count="0" type="stmt"/>
        <line num="441" count="2" type="stmt"/>
        <line num="446" count="3" type="stmt"/>
        <line num="448" count="228" type="stmt"/>
        <line num="457" count="228" type="stmt"/>
        <line num="462" count="1" type="stmt"/>
        <line num="479" count="1" type="stmt"/>
        <line num="488" count="1" type="stmt"/>
        <line num="496" count="2" type="stmt"/>
        <line num="499" count="152" type="stmt"/>
        <line num="506" count="1" type="stmt"/>
        <line num="510" count="18" type="stmt"/>
        <line num="538" count="198" type="stmt"/>
        <line num="547" count="1" type="stmt"/>
        <line num="576" count="15" type="stmt"/>
        <line num="579" count="2" type="stmt"/>
        <line num="591" count="0" type="stmt"/>
        <line num="598" count="74" type="stmt"/>
        <line num="601" count="0" type="stmt"/>
        <line num="609" count="0" type="stmt"/>
      </file>
    </package>
  </project>
</coverage>
