<?xml version="1.0" encoding="UTF-8"?>
<coverage generated="1742736423627" clover="3.2.0">
  <project timestamp="1742736423627" name="All files">
    <metrics statements="238" coveredstatements="194" conditionals="135" coveredconditionals="91" methods="83" coveredmethods="59" elements="456" coveredelements="344" complexity="0" loc="238" ncloc="238" packages="2" files="3" classes="3"/>
    <package name="In_memory_storage">
      <metrics statements="1" coveredstatements="1" conditionals="0" coveredconditionals="0" methods="0" coveredmethods="0"/>
      <file name="Concerts.js" path="D:\School\2ndY_S2\MPP\battlepass\src\In_memory_storage\Concerts.js">
        <metrics statements="1" coveredstatements="1" conditionals="0" coveredconditionals="0" methods="0" coveredmethods="0"/>
        <line num="3" count="1" type="stmt"/>
      </file>
    </package>
    <package name="pages">
      <metrics statements="237" coveredstatements="193" conditionals="135" coveredconditionals="91" methods="83" coveredmethods="59"/>
      <file name="AdminPage.jsx" path="D:\School\2ndY_S2\MPP\battlepass\src\pages\AdminPage.jsx">
        <metrics statements="82" coveredstatements="64" conditionals="82" coveredconditionals="53" methods="16" coveredmethods="12"/>
        <line num="7" count="30" type="stmt"/>
        <line num="10" count="30" type="stmt"/>
        <line num="20" count="30" type="stmt"/>
        <line num="23" count="30" type="stmt"/>
        <line num="26" count="30" type="stmt"/>
        <line num="29" count="30" type="stmt"/>
        <line num="32" count="30" type="stmt"/>
        <line num="33" count="19" type="stmt"/>
        <line num="34" count="19" type="stmt"/>
        <line num="40" count="19" type="cond" truecount="1" falsecount="1"/>
        <line num="41" count="0" type="stmt"/>
        <line num="49" count="30" type="stmt"/>
        <line num="50" count="4" type="stmt"/>
        <line num="53" count="4" type="cond" truecount="1" falsecount="1"/>
        <line num="54" count="0" type="stmt"/>
        <line num="55" count="4" type="cond" truecount="1" falsecount="1"/>
        <line num="56" count="0" type="stmt"/>
        <line num="60" count="4" type="cond" truecount="1" falsecount="1"/>
        <line num="61" count="0" type="stmt"/>
        <line num="65" count="4" type="cond" truecount="1" falsecount="1"/>
        <line num="66" count="0" type="stmt"/>
        <line num="70" count="4" type="cond" truecount="1" falsecount="1"/>
        <line num="71" count="0" type="stmt"/>
        <line num="72" count="4" type="cond" truecount="1" falsecount="1"/>
        <line num="73" count="0" type="stmt"/>
        <line num="77" count="4" type="stmt"/>
        <line num="78" count="4" type="stmt"/>
        <line num="79" count="4" type="stmt"/>
        <line num="80" count="4" type="cond" truecount="1" falsecount="1"/>
        <line num="81" count="0" type="stmt"/>
        <line num="82" count="4" type="cond" truecount="1" falsecount="1"/>
        <line num="83" count="0" type="stmt"/>
        <line num="87" count="4" type="cond" truecount="1" falsecount="1"/>
        <line num="88" count="0" type="stmt"/>
        <line num="91" count="4" type="stmt"/>
        <line num="92" count="4" type="stmt"/>
        <line num="96" count="30" type="stmt"/>
        <line num="97" count="4" type="stmt"/>
        <line num="99" count="4" type="cond" truecount="1" falsecount="1"/>
        <line num="100" count="4" type="cond" truecount="4" falsecount="0"/>
        <line num="102" count="13" type="stmt"/>
        <line num="103" count="1" type="cond" truecount="1" falsecount="1"/>
        <line num="104" count="1" type="stmt"/>
        <line num="108" count="1" type="stmt"/>
        <line num="110" count="1" type="stmt"/>
        <line num="113" count="36" type="stmt"/>
        <line num="114" count="3" type="stmt"/>
        <line num="118" count="3" type="stmt"/>
        <line num="119" count="3" type="stmt"/>
        <line num="123" count="4" type="stmt"/>
        <line num="133" count="4" type="stmt"/>
        <line num="136" count="4" type="stmt"/>
        <line num="137" count="0" type="stmt"/>
        <line num="143" count="30" type="stmt"/>
        <line num="144" count="2" type="cond" truecount="2" falsecount="2"/>
        <line num="146" count="0" type="stmt"/>
        <line num="149" count="2" type="stmt"/>
        <line num="154" count="30" type="stmt"/>
        <line num="155" count="1" type="cond" truecount="1" falsecount="1"/>
        <line num="156" count="1" type="stmt"/>
        <line num="164" count="1" type="stmt"/>
        <line num="166" count="1" type="stmt"/>
        <line num="171" count="30" type="stmt"/>
        <line num="172" count="0" type="stmt"/>
        <line num="180" count="0" type="stmt"/>
        <line num="181" count="0" type="stmt"/>
        <line num="182" count="0" type="stmt"/>
        <line num="186" count="30" type="stmt"/>
        <line num="187" count="1" type="cond" truecount="1" falsecount="1"/>
        <line num="188" count="13" type="stmt"/>
        <line num="189" count="1" type="cond" truecount="1" falsecount="1"/>
        <line num="190" count="1" type="stmt"/>
        <line num="191" count="1" type="stmt"/>
        <line num="192" count="1" type="stmt"/>
        <line num="193" count="1" type="stmt"/>
        <line num="196" count="1" type="stmt"/>
        <line num="197" count="0" type="stmt"/>
        <line num="204" count="30" type="stmt"/>
        <line num="205" count="0" type="stmt"/>
        <line num="208" count="30" type="stmt"/>
        <line num="358" count="368" type="stmt"/>
        <line num="361" count="2" type="stmt"/>
      </file>
      <file name="Events.jsx" path="D:\School\2ndY_S2\MPP\battlepass\src\pages\Events.jsx">
        <metrics statements="155" coveredstatements="129" conditionals="53" coveredconditionals="38" methods="67" coveredmethods="47"/>
        <line num="8" count="2" type="stmt"/>
        <line num="9" count="43" type="stmt"/>
        <line num="10" count="43" type="stmt"/>
        <line num="11" count="43" type="stmt"/>
        <line num="12" count="43" type="stmt"/>
        <line num="13" count="43" type="stmt"/>
        <line num="14" count="43" type="stmt"/>
        <line num="15" count="43" type="stmt"/>
        <line num="16" count="43" type="stmt"/>
        <line num="17" count="43" type="stmt"/>
        <line num="18" count="43" type="stmt"/>
        <line num="19" count="43" type="stmt"/>
        <line num="20" count="43" type="stmt"/>
        <line num="21" count="43" type="stmt"/>
        <line num="24" count="43" type="stmt"/>
        <line num="25" count="43" type="stmt"/>
        <line num="26" count="43" type="stmt"/>
        <line num="29" count="43" type="stmt"/>
        <line num="30" count="43" type="stmt"/>
        <line num="33" count="43" type="stmt"/>
        <line num="34" count="6" type="stmt"/>
        <line num="35" count="8" type="cond" truecount="2" falsecount="0"/>
        <line num="36" count="6" type="stmt"/>
        <line num="39" count="0" type="stmt"/>
        <line num="42" count="43" type="stmt"/>
        <line num="43" count="1" type="stmt"/>
        <line num="46" count="43" type="stmt"/>
        <line num="47" count="1" type="stmt"/>
        <line num="48" count="1" type="stmt"/>
        <line num="52" count="43" type="stmt"/>
        <line num="53" count="14" type="cond" truecount="1" falsecount="1"/>
        <line num="56" count="35" type="stmt"/>
        <line num="57" count="25" type="stmt"/>
        <line num="60" count="14" type="stmt"/>
        <line num="61" count="14" type="stmt"/>
        <line num="63" count="14" type="stmt"/>
        <line num="71" count="43" type="stmt"/>
        <line num="72" count="114" type="stmt"/>
        <line num="73" count="114" type="cond" truecount="2" falsecount="0"/>
        <line num="74" count="61" type="stmt"/>
        <line num="75" count="53" type="cond" truecount="2" falsecount="0"/>
        <line num="76" count="29" type="stmt"/>
        <line num="78" count="24" type="stmt"/>
        <line num="83" count="43" type="stmt"/>
        <line num="84" count="22" type="cond" truecount="1" falsecount="1"/>
        <line num="86" count="59" type="stmt"/>
        <line num="87" count="22" type="stmt"/>
        <line num="88" count="59" type="stmt"/>
        <line num="89" count="59" type="cond" truecount="2" falsecount="0"/>
        <line num="91" count="59" type="stmt"/>
        <line num="93" count="22" type="stmt"/>
        <line num="101" count="43" type="stmt"/>
        <line num="102" count="22" type="cond" truecount="1" falsecount="1"/>
        <line num="104" count="22" type="stmt"/>
        <line num="105" count="22" type="stmt"/>
        <line num="106" count="59" type="cond" truecount="1" falsecount="1"/>
        <line num="107" count="0" type="stmt"/>
        <line num="109" count="59" type="stmt"/>
        <line num="113" count="59" type="stmt"/>
        <line num="120" count="43" type="stmt"/>
        <line num="122" count="59" type="stmt"/>
        <line num="125" count="22" type="stmt"/>
        <line num="126" count="169" type="stmt"/>
        <line num="127" count="59" type="stmt"/>
        <line num="130" count="59" type="stmt"/>
        <line num="132" count="59" type="stmt"/>
        <line num="140" count="43" type="stmt"/>
        <line num="142" count="0" type="stmt"/>
        <line num="144" count="0" type="stmt"/>
        <line num="147" count="0" type="stmt"/>
        <line num="151" count="0" type="stmt"/>
        <line num="154" count="0" type="cond" truecount="0" falsecount="2"/>
        <line num="155" count="0" type="stmt"/>
        <line num="159" count="0" type="stmt"/>
        <line num="165" count="43" type="stmt"/>
        <line num="166" count="14" type="stmt"/>
        <line num="169" count="14" type="cond" truecount="2" falsecount="0"/>
        <line num="170" count="1" type="stmt"/>
        <line num="171" count="1" type="stmt"/>
        <line num="172" count="3" type="cond" truecount="3" falsecount="0"/>
        <line num="178" count="14" type="cond" truecount="2" falsecount="0"/>
        <line num="179" count="3" type="stmt"/>
        <line num="182" count="14" type="cond" truecount="2" falsecount="0"/>
        <line num="183" count="2" type="stmt"/>
        <line num="184" count="6" type="stmt"/>
        <line num="185" count="6" type="stmt"/>
        <line num="186" count="6" type="stmt"/>
        <line num="190" count="14" type="cond" truecount="2" falsecount="0"/>
        <line num="191" count="2" type="stmt"/>
        <line num="194" count="14" type="stmt"/>
        <line num="195" count="35" type="stmt"/>
        <line num="196" count="35" type="cond" truecount="2" falsecount="0"/>
        <line num="199" count="14" type="cond" truecount="3" falsecount="1"/>
        <line num="201" count="12" type="stmt"/>
        <line num="203" count="33" type="stmt"/>
        <line num="204" count="33" type="stmt"/>
        <line num="205" count="33" type="stmt"/>
        <line num="207" count="12" type="stmt"/>
        <line num="209" count="2" type="stmt"/>
        <line num="210" count="1" type="stmt"/>
        <line num="212" count="2" type="stmt"/>
        <line num="213" count="1" type="stmt"/>
        <line num="216" count="0" type="stmt"/>
        <line num="220" count="14" type="stmt"/>
        <line num="221" count="14" type="stmt"/>
        <line num="223" count="14" type="stmt"/>
        <line num="224" count="14" type="stmt"/>
        <line num="228" count="43" type="stmt"/>
        <line num="230" count="22" type="stmt"/>
        <line num="231" count="22" type="stmt"/>
        <line num="232" count="22" type="stmt"/>
        <line num="235" count="22" type="cond" truecount="1" falsecount="1"/>
        <line num="236" count="0" type="stmt"/>
        <line num="240" count="22" type="stmt"/>
        <line num="241" count="22" type="cond" truecount="1" falsecount="1"/>
        <line num="242" count="0" type="stmt"/>
        <line num="248" count="43" type="stmt"/>
        <line num="249" count="43" type="stmt"/>
        <line num="250" count="43" type="stmt"/>
        <line num="252" count="43" type="stmt"/>
        <line num="253" count="1" type="stmt"/>
        <line num="254" count="1" type="cond" truecount="1" falsecount="1"/>
        <line num="258" count="43" type="stmt"/>
        <line num="259" count="1" type="stmt"/>
        <line num="260" count="1" type="stmt"/>
        <line num="264" count="43" type="stmt"/>
        <line num="265" count="0" type="stmt"/>
        <line num="266" count="0" type="stmt"/>
        <line num="270" count="43" type="stmt"/>
        <line num="271" count="0" type="stmt"/>
        <line num="272" count="0" type="stmt"/>
        <line num="276" count="43" type="stmt"/>
        <line num="277" count="0" type="stmt"/>
        <line num="280" count="43" type="stmt"/>
        <line num="318" count="0" type="stmt"/>
        <line num="321" count="0" type="stmt"/>
        <line num="343" count="0" type="stmt"/>
        <line num="359" count="0" type="stmt"/>
        <line num="380" count="1" type="stmt"/>
        <line num="385" count="3" type="stmt"/>
        <line num="387" count="129" type="stmt"/>
        <line num="396" count="129" type="stmt"/>
        <line num="401" count="1" type="stmt"/>
        <line num="418" count="0" type="stmt"/>
        <line num="427" count="0" type="stmt"/>
        <line num="435" count="1" type="stmt"/>
        <line num="438" count="86" type="stmt"/>
        <line num="445" count="1" type="stmt"/>
        <line num="449" count="12" type="stmt"/>
        <line num="477" count="114" type="stmt"/>
        <line num="486" count="1" type="stmt"/>
        <line num="506" count="0" type="stmt"/>
        <line num="513" count="43" type="stmt"/>
        <line num="516" count="0" type="stmt"/>
        <line num="524" count="0" type="stmt"/>
      </file>
    </package>
  </project>
</coverage>
