{"D:\\School\\2ndY_S2\\MPP\\battlepass\\src\\In_memory_storage\\Concerts.js": {"path":"D:\\School\\2ndY_S2\\MPP\\battlepass\\src\\In_memory_storage\\Concerts.js","statementMap":{"0":{"start":{"line":3,"column":17},"end":{"line":16,"column":1}}},"fnMap":{},"branchMap":{},"s":{"0":1},"f":{},"b":{},"_coverageSchema":"1a1c01bbd47fc00a2c39e90264f33305004495a9","hash":"9edcfa853b9282ca629df941361aa2f79ef8ff5c"}
,"D:\\School\\2ndY_S2\\MPP\\battlepass\\src\\pages\\AdminPage.jsx": {"path":"D:\\School\\2ndY_S2\\MPP\\battlepass\\src\\pages\\AdminPage.jsx","statementMap":{"0":{"start":{"line":7,"column":21},"end":{"line":7,"column":34}},"1":{"start":{"line":10,"column":36},"end":{"line":17,"column":6}},"2":{"start":{"line":20,"column":46},"end":{"line":20,"column":60}},"3":{"start":{"line":23,"column":40},"end":{"line":23,"column":55}},"4":{"start":{"line":26,"column":32},"end":{"line":26,"column":44}},"5":{"start":{"line":29,"column":48},"end":{"line":29,"column":60}},"6":{"start":{"line":32,"column":30},"end":{"line":46,"column":5}},"7":{"start":{"line":33,"column":32},"end":{"line":33,"column":40}},"8":{"start":{"line":34,"column":8},"end":{"line":37,"column":11}},"9":{"start":{"line":40,"column":8},"end":{"line":45,"column":9}},"10":{"start":{"line":41,"column":12},"end":{"line":44,"column":15}},"11":{"start":{"line":49,"column":25},"end":{"line":93,"column":5}},"12":{"start":{"line":50,"column":26},"end":{"line":50,"column":28}},"13":{"start":{"line":53,"column":8},"end":{"line":57,"column":9}},"14":{"start":{"line":54,"column":12},"end":{"line":54,"column":54}},"15":{"start":{"line":55,"column":15},"end":{"line":57,"column":9}},"16":{"start":{"line":56,"column":12},"end":{"line":56,"column":70}},"17":{"start":{"line":60,"column":8},"end":{"line":62,"column":9}},"18":{"start":{"line":61,"column":12},"end":{"line":61,"column":54}},"19":{"start":{"line":65,"column":8},"end":{"line":67,"column":9}},"20":{"start":{"line":66,"column":12},"end":{"line":66,"column":70}},"21":{"start":{"line":70,"column":8},"end":{"line":74,"column":9}},"22":{"start":{"line":71,"column":12},"end":{"line":71,"column":56}},"23":{"start":{"line":72,"column":15},"end":{"line":74,"column":9}},"24":{"start":{"line":73,"column":12},"end":{"line":73,"column":73}},"25":{"start":{"line":77,"column":29},"end":{"line":77,"column":52}},"26":{"start":{"line":78,"column":22},"end":{"line":78,"column":32}},"27":{"start":{"line":79,"column":8},"end":{"line":79,"column":35}},"28":{"start":{"line":80,"column":8},"end":{"line":84,"column":9}},"29":{"start":{"line":81,"column":12},"end":{"line":81,"column":48}},"30":{"start":{"line":82,"column":15},"end":{"line":84,"column":9}},"31":{"start":{"line":83,"column":12},"end":{"line":83,"column":64}},"32":{"start":{"line":87,"column":8},"end":{"line":89,"column":9}},"33":{"start":{"line":88,"column":12},"end":{"line":88,"column":57}},"34":{"start":{"line":91,"column":8},"end":{"line":91,"column":29}},"35":{"start":{"line":92,"column":8},"end":{"line":92,"column":51}},"36":{"start":{"line":96,"column":25},"end":{"line":140,"column":5}},"37":{"start":{"line":97,"column":8},"end":{"line":97,"column":27}},"38":{"start":{"line":99,"column":8},"end":{"line":139,"column":9}},"39":{"start":{"line":100,"column":12},"end":{"line":120,"column":13}},"40":{"start":{"line":102,"column":35},"end":{"line":102,"column":97}},"41":{"start":{"line":102,"column":65},"end":{"line":102,"column":96}},"42":{"start":{"line":103,"column":16},"end":{"line":109,"column":17}},"43":{"start":{"line":104,"column":20},"end":{"line":107,"column":22}},"44":{"start":{"line":108,"column":20},"end":{"line":108,"column":97}},"45":{"start":{"line":110,"column":16},"end":{"line":110,"column":37}},"46":{"start":{"line":113,"column":30},"end":{"line":113,"column":85}},"47":{"start":{"line":113,"column":66},"end":{"line":113,"column":76}},"48":{"start":{"line":114,"column":35},"end":{"line":117,"column":17}},"49":{"start":{"line":118,"column":16},"end":{"line":118,"column":42}},"50":{"start":{"line":119,"column":16},"end":{"line":119,"column":91}},"51":{"start":{"line":123,"column":12},"end":{"line":130,"column":15}},"52":{"start":{"line":133,"column":12},"end":{"line":133,"column":35}},"53":{"start":{"line":136,"column":12},"end":{"line":138,"column":21}},"54":{"start":{"line":137,"column":16},"end":{"line":137,"column":38}},"55":{"start":{"line":143,"column":30},"end":{"line":151,"column":5}},"56":{"start":{"line":144,"column":8},"end":{"line":150,"column":9}},"57":{"start":{"line":146,"column":12},"end":{"line":146,"column":35}},"58":{"start":{"line":149,"column":12},"end":{"line":149,"column":38}},"59":{"start":{"line":154,"column":28},"end":{"line":168,"column":5}},"60":{"start":{"line":155,"column":8},"end":{"line":167,"column":9}},"61":{"start":{"line":156,"column":12},"end":{"line":163,"column":15}},"62":{"start":{"line":164,"column":12},"end":{"line":164,"column":32}},"63":{"start":{"line":166,"column":12},"end":{"line":166,"column":101}},"64":{"start":{"line":171,"column":29},"end":{"line":183,"column":5}},"65":{"start":{"line":172,"column":8},"end":{"line":179,"column":11}},"66":{"start":{"line":180,"column":8},"end":{"line":180,"column":29}},"67":{"start":{"line":181,"column":8},"end":{"line":181,"column":31}},"68":{"start":{"line":182,"column":8},"end":{"line":182,"column":22}},"69":{"start":{"line":186,"column":30},"end":{"line":201,"column":5}},"70":{"start":{"line":187,"column":8},"end":{"line":200,"column":9}},"71":{"start":{"line":188,"column":31},"end":{"line":188,"column":93}},"72":{"start":{"line":188,"column":61},"end":{"line":188,"column":92}},"73":{"start":{"line":189,"column":12},"end":{"line":199,"column":13}},"74":{"start":{"line":190,"column":34},"end":{"line":190,"column":59}},"75":{"start":{"line":191,"column":16},"end":{"line":191,"column":47}},"76":{"start":{"line":192,"column":16},"end":{"line":192,"column":89}},"77":{"start":{"line":193,"column":16},"end":{"line":193,"column":39}},"78":{"start":{"line":196,"column":16},"end":{"line":198,"column":25}},"79":{"start":{"line":197,"column":20},"end":{"line":197,"column":42}},"80":{"start":{"line":204,"column":25},"end":{"line":206,"column":5}},"81":{"start":{"line":205,"column":8},"end":{"line":205,"column":22}},"82":{"start":{"line":208,"column":4},"end":{"line":379,"column":6}},"83":{"start":{"line":358,"column":28},"end":{"line":373,"column":34}},"84":{"start":{"line":361,"column":47},"end":{"line":361,"column":73}}},"fnMap":{"0":{"name":"AdminPage","decl":{"start":{"line":6,"column":9},"end":{"line":6,"column":18}},"loc":{"start":{"line":6,"column":21},"end":{"line":380,"column":1}},"line":6},"1":{"name":"(anonymous_1)","decl":{"start":{"line":32,"column":30},"end":{"line":32,"column":31}},"loc":{"start":{"line":32,"column":37},"end":{"line":46,"column":5}},"line":32},"2":{"name":"(anonymous_2)","decl":{"start":{"line":49,"column":25},"end":{"line":49,"column":26}},"loc":{"start":{"line":49,"column":31},"end":{"line":93,"column":5}},"line":49},"3":{"name":"(anonymous_3)","decl":{"start":{"line":96,"column":25},"end":{"line":96,"column":26}},"loc":{"start":{"line":96,"column":32},"end":{"line":140,"column":5}},"line":96},"4":{"name":"(anonymous_4)","decl":{"start":{"line":102,"column":54},"end":{"line":102,"column":55}},"loc":{"start":{"line":102,"column":65},"end":{"line":102,"column":96}},"line":102},"5":{"name":"(anonymous_5)","decl":{"start":{"line":113,"column":55},"end":{"line":113,"column":56}},"loc":{"start":{"line":113,"column":66},"end":{"line":113,"column":76}},"line":113},"6":{"name":"(anonymous_6)","decl":{"start":{"line":136,"column":23},"end":{"line":136,"column":24}},"loc":{"start":{"line":136,"column":29},"end":{"line":138,"column":13}},"line":136},"7":{"name":"(anonymous_7)","decl":{"start":{"line":143,"column":30},"end":{"line":143,"column":31}},"loc":{"start":{"line":143,"column":43},"end":{"line":151,"column":5}},"line":143},"8":{"name":"(anonymous_8)","decl":{"start":{"line":154,"column":28},"end":{"line":154,"column":29}},"loc":{"start":{"line":154,"column":34},"end":{"line":168,"column":5}},"line":154},"9":{"name":"(anonymous_9)","decl":{"start":{"line":171,"column":29},"end":{"line":171,"column":30}},"loc":{"start":{"line":171,"column":35},"end":{"line":183,"column":5}},"line":171},"10":{"name":"(anonymous_10)","decl":{"start":{"line":186,"column":30},"end":{"line":186,"column":31}},"loc":{"start":{"line":186,"column":36},"end":{"line":201,"column":5}},"line":186},"11":{"name":"(anonymous_11)","decl":{"start":{"line":188,"column":50},"end":{"line":188,"column":51}},"loc":{"start":{"line":188,"column":61},"end":{"line":188,"column":92}},"line":188},"12":{"name":"(anonymous_12)","decl":{"start":{"line":196,"column":27},"end":{"line":196,"column":28}},"loc":{"start":{"line":196,"column":33},"end":{"line":198,"column":17}},"line":196},"13":{"name":"(anonymous_13)","decl":{"start":{"line":204,"column":25},"end":{"line":204,"column":26}},"loc":{"start":{"line":204,"column":31},"end":{"line":206,"column":5}},"line":204},"14":{"name":"(anonymous_14)","decl":{"start":{"line":357,"column":38},"end":{"line":357,"column":39}},"loc":{"start":{"line":358,"column":28},"end":{"line":373,"column":34}},"line":358},"15":{"name":"(anonymous_15)","decl":{"start":{"line":361,"column":41},"end":{"line":361,"column":42}},"loc":{"start":{"line":361,"column":47},"end":{"line":361,"column":73}},"line":361}},"branchMap":{"0":{"loc":{"start":{"line":40,"column":8},"end":{"line":45,"column":9}},"type":"if","locations":[{"start":{"line":40,"column":8},"end":{"line":45,"column":9}},{"start":{},"end":{}}],"line":40},"1":{"loc":{"start":{"line":53,"column":8},"end":{"line":57,"column":9}},"type":"if","locations":[{"start":{"line":53,"column":8},"end":{"line":57,"column":9}},{"start":{"line":55,"column":15},"end":{"line":57,"column":9}}],"line":53},"2":{"loc":{"start":{"line":55,"column":15},"end":{"line":57,"column":9}},"type":"if","locations":[{"start":{"line":55,"column":15},"end":{"line":57,"column":9}},{"start":{},"end":{}}],"line":55},"3":{"loc":{"start":{"line":60,"column":8},"end":{"line":62,"column":9}},"type":"if","locations":[{"start":{"line":60,"column":8},"end":{"line":62,"column":9}},{"start":{},"end":{}}],"line":60},"4":{"loc":{"start":{"line":65,"column":8},"end":{"line":67,"column":9}},"type":"if","locations":[{"start":{"line":65,"column":8},"end":{"line":67,"column":9}},{"start":{},"end":{}}],"line":65},"5":{"loc":{"start":{"line":70,"column":8},"end":{"line":74,"column":9}},"type":"if","locations":[{"start":{"line":70,"column":8},"end":{"line":74,"column":9}},{"start":{"line":72,"column":15},"end":{"line":74,"column":9}}],"line":70},"6":{"loc":{"start":{"line":72,"column":15},"end":{"line":74,"column":9}},"type":"if","locations":[{"start":{"line":72,"column":15},"end":{"line":74,"column":9}},{"start":{},"end":{}}],"line":72},"7":{"loc":{"start":{"line":80,"column":8},"end":{"line":84,"column":9}},"type":"if","locations":[{"start":{"line":80,"column":8},"end":{"line":84,"column":9}},{"start":{"line":82,"column":15},"end":{"line":84,"column":9}}],"line":80},"8":{"loc":{"start":{"line":82,"column":15},"end":{"line":84,"column":9}},"type":"if","locations":[{"start":{"line":82,"column":15},"end":{"line":84,"column":9}},{"start":{},"end":{}}],"line":82},"9":{"loc":{"start":{"line":87,"column":8},"end":{"line":89,"column":9}},"type":"if","locations":[{"start":{"line":87,"column":8},"end":{"line":89,"column":9}},{"start":{},"end":{}}],"line":87},"10":{"loc":{"start":{"line":99,"column":8},"end":{"line":139,"column":9}},"type":"if","locations":[{"start":{"line":99,"column":8},"end":{"line":139,"column":9}},{"start":{},"end":{}}],"line":99},"11":{"loc":{"start":{"line":100,"column":12},"end":{"line":120,"column":13}},"type":"if","locations":[{"start":{"line":100,"column":12},"end":{"line":120,"column":13}},{"start":{"line":111,"column":19},"end":{"line":120,"column":13}}],"line":100},"12":{"loc":{"start":{"line":100,"column":16},"end":{"line":100,"column":43}},"type":"binary-expr","locations":[{"start":{"line":100,"column":16},"end":{"line":100,"column":26}},{"start":{"line":100,"column":30},"end":{"line":100,"column":43}}],"line":100},"13":{"loc":{"start":{"line":103,"column":16},"end":{"line":109,"column":17}},"type":"if","locations":[{"start":{"line":103,"column":16},"end":{"line":109,"column":17}},{"start":{},"end":{}}],"line":103},"14":{"loc":{"start":{"line":144,"column":8},"end":{"line":150,"column":9}},"type":"if","locations":[{"start":{"line":144,"column":8},"end":{"line":150,"column":9}},{"start":{"line":147,"column":15},"end":{"line":150,"column":9}}],"line":144},"15":{"loc":{"start":{"line":144,"column":12},"end":{"line":144,"column":60}},"type":"binary-expr","locations":[{"start":{"line":144,"column":12},"end":{"line":144,"column":25}},{"start":{"line":144,"column":29},"end":{"line":144,"column":60}}],"line":144},"16":{"loc":{"start":{"line":155,"column":8},"end":{"line":167,"column":9}},"type":"if","locations":[{"start":{"line":155,"column":8},"end":{"line":167,"column":9}},{"start":{},"end":{}}],"line":155},"17":{"loc":{"start":{"line":187,"column":8},"end":{"line":200,"column":9}},"type":"if","locations":[{"start":{"line":187,"column":8},"end":{"line":200,"column":9}},{"start":{},"end":{}}],"line":187},"18":{"loc":{"start":{"line":189,"column":12},"end":{"line":199,"column":13}},"type":"if","locations":[{"start":{"line":189,"column":12},"end":{"line":199,"column":13}},{"start":{},"end":{}}],"line":189},"19":{"loc":{"start":{"line":217,"column":25},"end":{"line":217,"column":73}},"type":"cond-expr","locations":[{"start":{"line":217,"column":38},"end":{"line":217,"column":52}},{"start":{"line":217,"column":55},"end":{"line":217,"column":73}}],"line":217},"20":{"loc":{"start":{"line":219,"column":21},"end":{"line":221,"column":21}},"type":"binary-expr","locations":[{"start":{"line":219,"column":21},"end":{"line":219,"column":35}},{"start":{"line":220,"column":24},"end":{"line":220,"column":89}}],"line":219},"21":{"loc":{"start":{"line":232,"column":43},"end":{"line":232,"column":75}},"type":"cond-expr","locations":[{"start":{"line":232,"column":57},"end":{"line":232,"column":70}},{"start":{"line":232,"column":73},"end":{"line":232,"column":75}}],"line":232},"22":{"loc":{"start":{"line":235,"column":29},"end":{"line":235,"column":94}},"type":"binary-expr","locations":[{"start":{"line":235,"column":29},"end":{"line":235,"column":40}},{"start":{"line":235,"column":44},"end":{"line":235,"column":94}}],"line":235},"23":{"loc":{"start":{"line":245,"column":43},"end":{"line":245,"column":76}},"type":"cond-expr","locations":[{"start":{"line":245,"column":58},"end":{"line":245,"column":71}},{"start":{"line":245,"column":74},"end":{"line":245,"column":76}}],"line":245},"24":{"loc":{"start":{"line":254,"column":29},"end":{"line":254,"column":96}},"type":"binary-expr","locations":[{"start":{"line":254,"column":29},"end":{"line":254,"column":41}},{"start":{"line":254,"column":45},"end":{"line":254,"column":96}}],"line":254},"25":{"loc":{"start":{"line":266,"column":43},"end":{"line":266,"column":76}},"type":"cond-expr","locations":[{"start":{"line":266,"column":58},"end":{"line":266,"column":71}},{"start":{"line":266,"column":74},"end":{"line":266,"column":76}}],"line":266},"26":{"loc":{"start":{"line":269,"column":29},"end":{"line":269,"column":96}},"type":"binary-expr","locations":[{"start":{"line":269,"column":29},"end":{"line":269,"column":41}},{"start":{"line":269,"column":45},"end":{"line":269,"column":96}}],"line":269},"27":{"loc":{"start":{"line":280,"column":43},"end":{"line":280,"column":79}},"type":"cond-expr","locations":[{"start":{"line":280,"column":61},"end":{"line":280,"column":74}},{"start":{"line":280,"column":77},"end":{"line":280,"column":79}}],"line":280},"28":{"loc":{"start":{"line":283,"column":29},"end":{"line":283,"column":102}},"type":"binary-expr","locations":[{"start":{"line":283,"column":29},"end":{"line":283,"column":44}},{"start":{"line":283,"column":48},"end":{"line":283,"column":102}}],"line":283},"29":{"loc":{"start":{"line":294,"column":43},"end":{"line":294,"column":75}},"type":"cond-expr","locations":[{"start":{"line":294,"column":57},"end":{"line":294,"column":70}},{"start":{"line":294,"column":73},"end":{"line":294,"column":75}}],"line":294},"30":{"loc":{"start":{"line":297,"column":29},"end":{"line":297,"column":94}},"type":"binary-expr","locations":[{"start":{"line":297,"column":29},"end":{"line":297,"column":40}},{"start":{"line":297,"column":44},"end":{"line":297,"column":94}}],"line":297},"31":{"loc":{"start":{"line":309,"column":43},"end":{"line":309,"column":79}},"type":"cond-expr","locations":[{"start":{"line":309,"column":61},"end":{"line":309,"column":74}},{"start":{"line":309,"column":77},"end":{"line":309,"column":79}}],"line":309},"32":{"loc":{"start":{"line":312,"column":29},"end":{"line":312,"column":102}},"type":"binary-expr","locations":[{"start":{"line":312,"column":29},"end":{"line":312,"column":44}},{"start":{"line":312,"column":48},"end":{"line":312,"column":102}}],"line":312},"33":{"loc":{"start":{"line":318,"column":49},"end":{"line":318,"column":107}},"type":"cond-expr","locations":[{"start":{"line":318,"column":62},"end":{"line":318,"column":83}},{"start":{"line":318,"column":86},"end":{"line":318,"column":107}}],"line":318},"34":{"loc":{"start":{"line":319,"column":33},"end":{"line":319,"column":77}},"type":"cond-expr","locations":[{"start":{"line":319,"column":46},"end":{"line":319,"column":60}},{"start":{"line":319,"column":63},"end":{"line":319,"column":77}}],"line":319},"35":{"loc":{"start":{"line":321,"column":29},"end":{"line":329,"column":29}},"type":"binary-expr","locations":[{"start":{"line":321,"column":29},"end":{"line":321,"column":39}},{"start":{"line":322,"column":32},"end":{"line":328,"column":41}}],"line":321},"36":{"loc":{"start":{"line":337,"column":21},"end":{"line":354,"column":21}},"type":"binary-expr","locations":[{"start":{"line":337,"column":21},"end":{"line":337,"column":40}},{"start":{"line":338,"column":24},"end":{"line":353,"column":30}}],"line":337},"37":{"loc":{"start":{"line":342,"column":68},"end":{"line":342,"column":117}},"type":"cond-expr","locations":[{"start":{"line":342,"column":85},"end":{"line":342,"column":112}},{"start":{"line":342,"column":115},"end":{"line":342,"column":117}}],"line":342},"38":{"loc":{"start":{"line":349,"column":70},"end":{"line":349,"column":119}},"type":"cond-expr","locations":[{"start":{"line":349,"column":87},"end":{"line":349,"column":114}},{"start":{"line":349,"column":117},"end":{"line":349,"column":119}}],"line":349},"39":{"loc":{"start":{"line":360,"column":67},"end":{"line":360,"column":149}},"type":"cond-expr","locations":[{"start":{"line":360,"column":118},"end":{"line":360,"column":144}},{"start":{"line":360,"column":147},"end":{"line":360,"column":149}}],"line":360},"40":{"loc":{"start":{"line":360,"column":67},"end":{"line":360,"column":115}},"type":"binary-expr","locations":[{"start":{"line":360,"column":67},"end":{"line":360,"column":80}},{"start":{"line":360,"column":84},"end":{"line":360,"column":115}}],"line":360}},"s":{"0":30,"1":30,"2":30,"3":30,"4":30,"5":30,"6":30,"7":19,"8":19,"9":19,"10":0,"11":30,"12":4,"13":4,"14":0,"15":4,"16":0,"17":4,"18":0,"19":4,"20":0,"21":4,"22":0,"23":4,"24":0,"25":4,"26":4,"27":4,"28":4,"29":0,"30":4,"31":0,"32":4,"33":0,"34":4,"35":4,"36":30,"37":4,"38":4,"39":4,"40":1,"41":13,"42":1,"43":1,"44":1,"45":1,"46":3,"47":36,"48":3,"49":3,"50":3,"51":4,"52":4,"53":4,"54":0,"55":30,"56":2,"57":0,"58":2,"59":30,"60":1,"61":1,"62":1,"63":1,"64":30,"65":0,"66":0,"67":0,"68":0,"69":30,"70":1,"71":1,"72":13,"73":1,"74":1,"75":1,"76":1,"77":1,"78":1,"79":0,"80":30,"81":0,"82":30,"83":368,"84":2},"f":{"0":30,"1":19,"2":4,"3":4,"4":13,"5":36,"6":0,"7":2,"8":1,"9":0,"10":1,"11":13,"12":0,"13":0,"14":368,"15":2},"b":{"0":[0,19],"1":[0,4],"2":[0,4],"3":[0,4],"4":[0,4],"5":[0,4],"6":[0,4],"7":[0,4],"8":[0,4],"9":[0,4],"10":[4,0],"11":[1,3],"12":[4,1],"13":[1,0],"14":[0,2],"15":[2,0],"16":[1,0],"17":[1,0],"18":[1,0],"19":[2,28],"20":[30,9],"21":[0,30],"22":[30,0],"23":[0,30],"24":[30,0],"25":[0,30],"26":[30,0],"27":[0,30],"28":[30,0],"29":[0,30],"30":[30,0],"31":[0,30],"32":[30,0],"33":[2,28],"34":[2,28],"35":[30,2],"36":[30,30],"37":[26,4],"38":[26,4],"39":[4,364],"40":[368,52]},"_coverageSchema":"1a1c01bbd47fc00a2c39e90264f33305004495a9","hash":"1b0edc762f5d7c045aa00bd8e74cc0a5701b0d58"}
,"D:\\School\\2ndY_S2\\MPP\\battlepass\\src\\pages\\Events.jsx": {"path":"D:\\School\\2ndY_S2\\MPP\\battlepass\\src\\pages\\Events.jsx","statementMap":{"0":{"start":{"line":8,"column":15},"end":{"line":626,"column":1}},"1":{"start":{"line":9,"column":21},"end":{"line":9,"column":34}},"2":{"start":{"line":10,"column":50},"end":{"line":10,"column":61}},"3":{"start":{"line":11,"column":42},"end":{"line":11,"column":53}},"4":{"start":{"line":12,"column":48},"end":{"line":12,"column":60}},"5":{"start":{"line":13,"column":46},"end":{"line":13,"column":73}},"6":{"start":{"line":14,"column":50},"end":{"line":14,"column":62}},"7":{"start":{"line":15,"column":44},"end":{"line":15,"column":56}},"8":{"start":{"line":16,"column":42},"end":{"line":16,"column":54}},"9":{"start":{"line":17,"column":36},"end":{"line":17,"column":47}},"10":{"start":{"line":18,"column":36},"end":{"line":18,"column":50}},"11":{"start":{"line":19,"column":44},"end":{"line":19,"column":67}},"12":{"start":{"line":20,"column":52},"end":{"line":20,"column":75}},"13":{"start":{"line":21,"column":50},"end":{"line":21,"column":90}},"14":{"start":{"line":22,"column":40},"end":{"line":22,"column":55}},"15":{"start":{"line":23,"column":62},"end":{"line":23,"column":77}},"16":{"start":{"line":25,"column":32},"end":{"line":25,"column":49}},"17":{"start":{"line":27,"column":62},"end":{"line":27,"column":74}},"18":{"start":{"line":28,"column":62},"end":{"line":28,"column":74}},"19":{"start":{"line":29,"column":48},"end":{"line":29,"column":60}},"20":{"start":{"line":31,"column":30},"end":{"line":31,"column":42}},"21":{"start":{"line":32,"column":19},"end":{"line":32,"column":96}},"22":{"start":{"line":35,"column":27},"end":{"line":42,"column":5}},"23":{"start":{"line":36,"column":8},"end":{"line":40,"column":9}},"24":{"start":{"line":37,"column":12},"end":{"line":39,"column":13}},"25":{"start":{"line":38,"column":16},"end":{"line":38,"column":31}},"26":{"start":{"line":41,"column":8},"end":{"line":41,"column":20}},"27":{"start":{"line":44,"column":23},"end":{"line":46,"column":5}},"28":{"start":{"line":45,"column":8},"end":{"line":45,"column":86}},"29":{"start":{"line":48,"column":34},"end":{"line":51,"column":5}},"30":{"start":{"line":49,"column":26},"end":{"line":49,"column":50}},"31":{"start":{"line":50,"column":8},"end":{"line":50,"column":64}},"32":{"start":{"line":54,"column":37},"end":{"line":70,"column":5}},"33":{"start":{"line":55,"column":8},"end":{"line":55,"column":73}},"34":{"start":{"line":55,"column":35},"end":{"line":55,"column":73}},"35":{"start":{"line":58,"column":23},"end":{"line":58,"column":90}},"36":{"start":{"line":58,"column":47},"end":{"line":58,"column":89}},"37":{"start":{"line":59,"column":8},"end":{"line":59,"column":37}},"38":{"start":{"line":59,"column":30},"end":{"line":59,"column":35}},"39":{"start":{"line":62,"column":29},"end":{"line":62,"column":66}},"40":{"start":{"line":63,"column":32},"end":{"line":63,"column":73}},"41":{"start":{"line":65,"column":8},"end":{"line":69,"column":10}},"42":{"start":{"line":73,"column":32},"end":{"line":82,"column":5}},"43":{"start":{"line":74,"column":29},"end":{"line":74,"column":63}},"44":{"start":{"line":75,"column":8},"end":{"line":81,"column":9}},"45":{"start":{"line":76,"column":12},"end":{"line":76,"column":38}},"46":{"start":{"line":77,"column":15},"end":{"line":81,"column":9}},"47":{"start":{"line":78,"column":12},"end":{"line":78,"column":41}},"48":{"start":{"line":80,"column":12},"end":{"line":80,"column":39}},"49":{"start":{"line":85,"column":43},"end":{"line":100,"column":5}},"50":{"start":{"line":86,"column":8},"end":{"line":86,"column":45}},"51":{"start":{"line":86,"column":35},"end":{"line":86,"column":45}},"52":{"start":{"line":88,"column":25},"end":{"line":88,"column":125}},"53":{"start":{"line":88,"column":52},"end":{"line":88,"column":117}},"54":{"start":{"line":89,"column":28},"end":{"line":92,"column":17}},"55":{"start":{"line":90,"column":26},"end":{"line":90,"column":68}},"56":{"start":{"line":91,"column":12},"end":{"line":91,"column":82}},"57":{"start":{"line":93,"column":26},"end":{"line":93,"column":128}},"58":{"start":{"line":93,"column":53},"end":{"line":93,"column":120}},"59":{"start":{"line":95,"column":8},"end":{"line":99,"column":10}},"60":{"start":{"line":103,"column":43},"end":{"line":119,"column":5}},"61":{"start":{"line":104,"column":8},"end":{"line":104,"column":45}},"62":{"start":{"line":104,"column":35},"end":{"line":104,"column":45}},"63":{"start":{"line":106,"column":28},"end":{"line":106,"column":30}},"64":{"start":{"line":107,"column":8},"end":{"line":113,"column":11}},"65":{"start":{"line":108,"column":12},"end":{"line":112,"column":13}},"66":{"start":{"line":109,"column":16},"end":{"line":109,"column":45}},"67":{"start":{"line":111,"column":16},"end":{"line":111,"column":47}},"68":{"start":{"line":115,"column":8},"end":{"line":118,"column":12}},"69":{"start":{"line":115,"column":54},"end":{"line":118,"column":9}},"70":{"start":{"line":122,"column":36},"end":{"line":149,"column":5}},"71":{"start":{"line":123,"column":8},"end":{"line":123,"column":45}},"72":{"start":{"line":123,"column":35},"end":{"line":123,"column":45}},"73":{"start":{"line":126,"column":31},"end":{"line":126,"column":33}},"74":{"start":{"line":127,"column":8},"end":{"line":132,"column":11}},"75":{"start":{"line":128,"column":12},"end":{"line":130,"column":13}},"76":{"start":{"line":129,"column":16},"end":{"line":129,"column":50}},"77":{"start":{"line":131,"column":12},"end":{"line":131,"column":55}},"78":{"start":{"line":135,"column":8},"end":{"line":148,"column":15}},"79":{"start":{"line":136,"column":28},"end":{"line":136,"column":53}},"80":{"start":{"line":138,"column":39},"end":{"line":138,"column":59}},"81":{"start":{"line":139,"column":33},"end":{"line":142,"column":41}},"82":{"start":{"line":140,"column":38},"end":{"line":140,"column":86}},"83":{"start":{"line":144,"column":16},"end":{"line":147,"column":18}},"84":{"start":{"line":152,"column":29},"end":{"line":172,"column":5}},"85":{"start":{"line":154,"column":23},"end":{"line":154,"column":95}},"86":{"start":{"line":155,"column":26},"end":{"line":155,"column":105}},"87":{"start":{"line":156,"column":22},"end":{"line":159,"column":9}},"88":{"start":{"line":161,"column":27},"end":{"line":169,"column":9}},"89":{"start":{"line":171,"column":8},"end":{"line":171,"column":71}},"90":{"start":{"line":171,"column":40},"end":{"line":171,"column":69}},"91":{"start":{"line":175,"column":32},"end":{"line":180,"column":5}},"92":{"start":{"line":176,"column":8},"end":{"line":179,"column":9}},"93":{"start":{"line":177,"column":32},"end":{"line":177,"column":79}},"94":{"start":{"line":178,"column":12},"end":{"line":178,"column":102}},"95":{"start":{"line":178,"column":44},"end":{"line":178,"column":100}},"96":{"start":{"line":178,"column":78},"end":{"line":178,"column":99}},"97":{"start":{"line":183,"column":37},"end":{"line":194,"column":5}},"98":{"start":{"line":184,"column":8},"end":{"line":193,"column":9}},"99":{"start":{"line":185,"column":32},"end":{"line":185,"column":79}},"100":{"start":{"line":186,"column":12},"end":{"line":192,"column":14}},"101":{"start":{"line":187,"column":16},"end":{"line":191,"column":17}},"102":{"start":{"line":188,"column":20},"end":{"line":190,"column":33}},"103":{"start":{"line":197,"column":36},"end":{"line":212,"column":5}},"104":{"start":{"line":198,"column":27},"end":{"line":198,"column":56}},"105":{"start":{"line":199,"column":8},"end":{"line":211,"column":9}},"106":{"start":{"line":201,"column":16},"end":{"line":201,"column":35}},"107":{"start":{"line":202,"column":16},"end":{"line":202,"column":22}},"108":{"start":{"line":204,"column":16},"end":{"line":204,"column":38}},"109":{"start":{"line":205,"column":16},"end":{"line":205,"column":22}},"110":{"start":{"line":207,"column":16},"end":{"line":207,"column":43}},"111":{"start":{"line":208,"column":16},"end":{"line":208,"column":22}},"112":{"start":{"line":210,"column":16},"end":{"line":210,"column":35}},"113":{"start":{"line":215,"column":37},"end":{"line":219,"column":5}},"114":{"start":{"line":216,"column":8},"end":{"line":216,"column":35}},"115":{"start":{"line":217,"column":8},"end":{"line":217,"column":26}},"116":{"start":{"line":218,"column":8},"end":{"line":218,"column":40}},"117":{"start":{"line":222,"column":36},"end":{"line":224,"column":5}},"118":{"start":{"line":223,"column":8},"end":{"line":223,"column":57}},"119":{"start":{"line":226,"column":4},"end":{"line":286,"column":118}},"120":{"start":{"line":227,"column":21},"end":{"line":227,"column":38}},"121":{"start":{"line":230,"column":8},"end":{"line":237,"column":9}},"122":{"start":{"line":231,"column":26},"end":{"line":231,"column":51}},"123":{"start":{"line":232,"column":12},"end":{"line":236,"column":14}},"124":{"start":{"line":233,"column":16},"end":{"line":235,"column":62}},"125":{"start":{"line":239,"column":8},"end":{"line":241,"column":9}},"126":{"start":{"line":240,"column":12},"end":{"line":240,"column":86}},"127":{"start":{"line":240,"column":46},"end":{"line":240,"column":84}},"128":{"start":{"line":243,"column":8},"end":{"line":249,"column":9}},"129":{"start":{"line":244,"column":12},"end":{"line":248,"column":15}},"130":{"start":{"line":245,"column":36},"end":{"line":245,"column":52}},"131":{"start":{"line":246,"column":39},"end":{"line":246,"column":66}},"132":{"start":{"line":247,"column":16},"end":{"line":247,"column":58}},"133":{"start":{"line":251,"column":8},"end":{"line":253,"column":9}},"134":{"start":{"line":252,"column":12},"end":{"line":252,"column":81}},"135":{"start":{"line":252,"column":46},"end":{"line":252,"column":79}},"136":{"start":{"line":255,"column":8},"end":{"line":258,"column":11}},"137":{"start":{"line":256,"column":33},"end":{"line":256,"column":75}},"138":{"start":{"line":257,"column":12},"end":{"line":257,"column":72}},"139":{"start":{"line":260,"column":8},"end":{"line":278,"column":9}},"140":{"start":{"line":262,"column":16},"end":{"line":267,"column":19}},"141":{"start":{"line":264,"column":35},"end":{"line":264,"column":71}},"142":{"start":{"line":265,"column":35},"end":{"line":265,"column":71}},"143":{"start":{"line":266,"column":20},"end":{"line":266,"column":43}},"144":{"start":{"line":268,"column":16},"end":{"line":268,"column":22}},"145":{"start":{"line":270,"column":16},"end":{"line":270,"column":75}},"146":{"start":{"line":270,"column":38},"end":{"line":270,"column":73}},"147":{"start":{"line":271,"column":16},"end":{"line":271,"column":22}},"148":{"start":{"line":273,"column":16},"end":{"line":273,"column":76}},"149":{"start":{"line":273,"column":38},"end":{"line":273,"column":74}},"150":{"start":{"line":274,"column":16},"end":{"line":274,"column":22}},"151":{"start":{"line":277,"column":16},"end":{"line":277,"column":75}},"152":{"start":{"line":277,"column":38},"end":{"line":277,"column":73}},"153":{"start":{"line":281,"column":30},"end":{"line":281,"column":62}},"154":{"start":{"line":282,"column":8},"end":{"line":282,"column":42}},"155":{"start":{"line":284,"column":8},"end":{"line":284,"column":36}},"156":{"start":{"line":285,"column":8},"end":{"line":285,"column":26}},"157":{"start":{"line":288,"column":4},"end":{"line":305,"column":56}},"158":{"start":{"line":290,"column":8},"end":{"line":290,"column":83}},"159":{"start":{"line":291,"column":8},"end":{"line":291,"column":83}},"160":{"start":{"line":292,"column":8},"end":{"line":292,"column":69}},"161":{"start":{"line":295,"column":8},"end":{"line":297,"column":9}},"162":{"start":{"line":296,"column":12},"end":{"line":296,"column":83}},"163":{"start":{"line":300,"column":8},"end":{"line":304,"column":10}},"164":{"start":{"line":301,"column":12},"end":{"line":303,"column":13}},"165":{"start":{"line":302,"column":16},"end":{"line":302,"column":57}},"166":{"start":{"line":308,"column":23},"end":{"line":308,"column":75}},"167":{"start":{"line":309,"column":23},"end":{"line":309,"column":58}},"168":{"start":{"line":310,"column":29},"end":{"line":310,"column":93}},"169":{"start":{"line":312,"column":30},"end":{"line":316,"column":5}},"170":{"start":{"line":313,"column":8},"end":{"line":315,"column":10}},"171":{"start":{"line":314,"column":12},"end":{"line":314,"column":85}},"172":{"start":{"line":314,"column":54},"end":{"line":314,"column":65}},"173":{"start":{"line":318,"column":32},"end":{"line":321,"column":5}},"174":{"start":{"line":319,"column":8},"end":{"line":319,"column":36}},"175":{"start":{"line":320,"column":8},"end":{"line":320,"column":28}},"176":{"start":{"line":324,"column":33},"end":{"line":327,"column":5}},"177":{"start":{"line":325,"column":28},"end":{"line":325,"column":53}},"178":{"start":{"line":326,"column":8},"end":{"line":326,"column":33}},"179":{"start":{"line":330,"column":33},"end":{"line":333,"column":5}},"180":{"start":{"line":331,"column":28},"end":{"line":331,"column":53}},"181":{"start":{"line":332,"column":8},"end":{"line":332,"column":33}},"182":{"start":{"line":336,"column":25},"end":{"line":338,"column":5}},"183":{"start":{"line":337,"column":8},"end":{"line":337,"column":35}},"184":{"start":{"line":340,"column":4},"end":{"line":625,"column":6}},"185":{"start":{"line":379,"column":72},"end":{"line":379,"column":113}},"186":{"start":{"line":382,"column":48},"end":{"line":382,"column":115}},"187":{"start":{"line":404,"column":48},"end":{"line":404,"column":115}},"188":{"start":{"line":420,"column":71},"end":{"line":420,"column":108}},"189":{"start":{"line":441,"column":45},"end":{"line":441,"column":75}},"190":{"start":{"line":446,"column":75},"end":{"line":446,"column":107}},"191":{"start":{"line":448,"column":36},"end":{"line":448,"column":88}},"192":{"start":{"line":457,"column":36},"end":{"line":465,"column":42}},"193":{"start":{"line":462,"column":60},"end":{"line":462,"column":84}},"194":{"start":{"line":479,"column":53},"end":{"line":479,"column":97}},"195":{"start":{"line":488,"column":53},"end":{"line":488,"column":97}},"196":{"start":{"line":496,"column":77},"end":{"line":496,"column":112}},"197":{"start":{"line":499,"column":36},"end":{"line":499,"column":90}},"198":{"start":{"line":506,"column":74},"end":{"line":506,"column":105}},"199":{"start":{"line":510,"column":40},"end":{"line":510,"column":88}},"200":{"start":{"line":538,"column":32},"end":{"line":553,"column":38}},"201":{"start":{"line":547,"column":59},"end":{"line":547,"column":89}},"202":{"start":{"line":576,"column":44},"end":{"line":582,"column":53}},"203":{"start":{"line":579,"column":63},"end":{"line":579,"column":95}},"204":{"start":{"line":591,"column":51},"end":{"line":591,"column":98}},"205":{"start":{"line":591,"column":76},"end":{"line":591,"column":97}},"206":{"start":{"line":598,"column":36},"end":{"line":604,"column":45}},"207":{"start":{"line":601,"column":55},"end":{"line":601,"column":80}},"208":{"start":{"line":609,"column":51},"end":{"line":609,"column":107}},"209":{"start":{"line":609,"column":76},"end":{"line":609,"column":106}}},"fnMap":{"0":{"name":"(anonymous_0)","decl":{"start":{"line":8,"column":15},"end":{"line":8,"column":16}},"loc":{"start":{"line":8,"column":21},"end":{"line":626,"column":1}},"line":8},"1":{"name":"(anonymous_1)","decl":{"start":{"line":35,"column":27},"end":{"line":35,"column":28}},"loc":{"start":{"line":35,"column":41},"end":{"line":42,"column":5}},"line":35},"2":{"name":"(anonymous_2)","decl":{"start":{"line":44,"column":23},"end":{"line":44,"column":24}},"loc":{"start":{"line":44,"column":33},"end":{"line":46,"column":5}},"line":44},"3":{"name":"(anonymous_3)","decl":{"start":{"line":48,"column":34},"end":{"line":48,"column":35}},"loc":{"start":{"line":48,"column":47},"end":{"line":51,"column":5}},"line":48},"4":{"name":"(anonymous_4)","decl":{"start":{"line":54,"column":37},"end":{"line":54,"column":38}},"loc":{"start":{"line":54,"column":51},"end":{"line":70,"column":5}},"line":54},"5":{"name":"(anonymous_5)","decl":{"start":{"line":58,"column":36},"end":{"line":58,"column":37}},"loc":{"start":{"line":58,"column":47},"end":{"line":58,"column":89}},"line":58},"6":{"name":"(anonymous_6)","decl":{"start":{"line":59,"column":20},"end":{"line":59,"column":21}},"loc":{"start":{"line":59,"column":30},"end":{"line":59,"column":35}},"line":59},"7":{"name":"(anonymous_7)","decl":{"start":{"line":73,"column":32},"end":{"line":73,"column":33}},"loc":{"start":{"line":73,"column":43},"end":{"line":82,"column":5}},"line":73},"8":{"name":"(anonymous_8)","decl":{"start":{"line":85,"column":43},"end":{"line":85,"column":44}},"loc":{"start":{"line":85,"column":57},"end":{"line":100,"column":5}},"line":85},"9":{"name":"(anonymous_9)","decl":{"start":{"line":88,"column":41},"end":{"line":88,"column":42}},"loc":{"start":{"line":88,"column":52},"end":{"line":88,"column":117}},"line":88},"10":{"name":"(anonymous_10)","decl":{"start":{"line":89,"column":44},"end":{"line":89,"column":45}},"loc":{"start":{"line":89,"column":55},"end":{"line":92,"column":9}},"line":89},"11":{"name":"(anonymous_11)","decl":{"start":{"line":93,"column":42},"end":{"line":93,"column":43}},"loc":{"start":{"line":93,"column":53},"end":{"line":93,"column":120}},"line":93},"12":{"name":"(anonymous_12)","decl":{"start":{"line":103,"column":43},"end":{"line":103,"column":44}},"loc":{"start":{"line":103,"column":57},"end":{"line":119,"column":5}},"line":103},"13":{"name":"(anonymous_13)","decl":{"start":{"line":107,"column":25},"end":{"line":107,"column":26}},"loc":{"start":{"line":107,"column":36},"end":{"line":113,"column":9}},"line":107},"14":{"name":"(anonymous_14)","decl":{"start":{"line":115,"column":44},"end":{"line":115,"column":45}},"loc":{"start":{"line":115,"column":54},"end":{"line":118,"column":9}},"line":115},"15":{"name":"(anonymous_15)","decl":{"start":{"line":122,"column":36},"end":{"line":122,"column":37}},"loc":{"start":{"line":122,"column":50},"end":{"line":149,"column":5}},"line":122},"16":{"name":"(anonymous_16)","decl":{"start":{"line":127,"column":25},"end":{"line":127,"column":26}},"loc":{"start":{"line":127,"column":36},"end":{"line":132,"column":9}},"line":127},"17":{"name":"(anonymous_17)","decl":{"start":{"line":136,"column":18},"end":{"line":136,"column":19}},"loc":{"start":{"line":136,"column":28},"end":{"line":136,"column":53}},"line":136},"18":{"name":"(anonymous_18)","decl":{"start":{"line":137,"column":17},"end":{"line":137,"column":18}},"loc":{"start":{"line":137,"column":25},"end":{"line":148,"column":13}},"line":137},"19":{"name":"(anonymous_19)","decl":{"start":{"line":140,"column":20},"end":{"line":140,"column":21}},"loc":{"start":{"line":140,"column":38},"end":{"line":140,"column":86}},"line":140},"20":{"name":"(anonymous_20)","decl":{"start":{"line":152,"column":29},"end":{"line":152,"column":30}},"loc":{"start":{"line":152,"column":35},"end":{"line":172,"column":5}},"line":152},"21":{"name":"(anonymous_21)","decl":{"start":{"line":171,"column":24},"end":{"line":171,"column":25}},"loc":{"start":{"line":171,"column":40},"end":{"line":171,"column":69}},"line":171},"22":{"name":"(anonymous_22)","decl":{"start":{"line":175,"column":32},"end":{"line":175,"column":33}},"loc":{"start":{"line":175,"column":38},"end":{"line":180,"column":5}},"line":175},"23":{"name":"(anonymous_23)","decl":{"start":{"line":178,"column":28},"end":{"line":178,"column":29}},"loc":{"start":{"line":178,"column":44},"end":{"line":178,"column":100}},"line":178},"24":{"name":"(anonymous_24)","decl":{"start":{"line":178,"column":64},"end":{"line":178,"column":65}},"loc":{"start":{"line":178,"column":78},"end":{"line":178,"column":99}},"line":178},"25":{"name":"(anonymous_25)","decl":{"start":{"line":183,"column":37},"end":{"line":183,"column":38}},"loc":{"start":{"line":183,"column":43},"end":{"line":194,"column":5}},"line":183},"26":{"name":"(anonymous_26)","decl":{"start":{"line":186,"column":28},"end":{"line":186,"column":29}},"loc":{"start":{"line":187,"column":16},"end":{"line":191,"column":17}},"line":187},"27":{"name":"(anonymous_27)","decl":{"start":{"line":187,"column":33},"end":{"line":187,"column":34}},"loc":{"start":{"line":188,"column":20},"end":{"line":190,"column":33}},"line":188},"28":{"name":"(anonymous_28)","decl":{"start":{"line":197,"column":36},"end":{"line":197,"column":37}},"loc":{"start":{"line":197,"column":42},"end":{"line":212,"column":5}},"line":197},"29":{"name":"(anonymous_29)","decl":{"start":{"line":215,"column":37},"end":{"line":215,"column":38}},"loc":{"start":{"line":215,"column":49},"end":{"line":219,"column":5}},"line":215},"30":{"name":"(anonymous_30)","decl":{"start":{"line":222,"column":36},"end":{"line":222,"column":37}},"loc":{"start":{"line":222,"column":42},"end":{"line":224,"column":5}},"line":222},"31":{"name":"(anonymous_31)","decl":{"start":{"line":226,"column":14},"end":{"line":226,"column":15}},"loc":{"start":{"line":226,"column":20},"end":{"line":286,"column":5}},"line":226},"32":{"name":"(anonymous_32)","decl":{"start":{"line":232,"column":35},"end":{"line":232,"column":36}},"loc":{"start":{"line":233,"column":16},"end":{"line":235,"column":62}},"line":233},"33":{"name":"(anonymous_33)","decl":{"start":{"line":240,"column":35},"end":{"line":240,"column":36}},"loc":{"start":{"line":240,"column":46},"end":{"line":240,"column":84}},"line":240},"34":{"name":"(anonymous_34)","decl":{"start":{"line":244,"column":35},"end":{"line":244,"column":36}},"loc":{"start":{"line":244,"column":46},"end":{"line":248,"column":13}},"line":244},"35":{"name":"(anonymous_35)","decl":{"start":{"line":252,"column":35},"end":{"line":252,"column":36}},"loc":{"start":{"line":252,"column":46},"end":{"line":252,"column":79}},"line":252},"36":{"name":"(anonymous_36)","decl":{"start":{"line":255,"column":31},"end":{"line":255,"column":32}},"loc":{"start":{"line":255,"column":42},"end":{"line":258,"column":9}},"line":255},"37":{"name":"(anonymous_37)","decl":{"start":{"line":262,"column":28},"end":{"line":262,"column":29}},"loc":{"start":{"line":262,"column":38},"end":{"line":267,"column":17}},"line":262},"38":{"name":"(anonymous_38)","decl":{"start":{"line":270,"column":28},"end":{"line":270,"column":29}},"loc":{"start":{"line":270,"column":38},"end":{"line":270,"column":73}},"line":270},"39":{"name":"(anonymous_39)","decl":{"start":{"line":273,"column":28},"end":{"line":273,"column":29}},"loc":{"start":{"line":273,"column":38},"end":{"line":273,"column":74}},"line":273},"40":{"name":"(anonymous_40)","decl":{"start":{"line":277,"column":28},"end":{"line":277,"column":29}},"loc":{"start":{"line":277,"column":38},"end":{"line":277,"column":73}},"line":277},"41":{"name":"(anonymous_41)","decl":{"start":{"line":288,"column":14},"end":{"line":288,"column":15}},"loc":{"start":{"line":288,"column":20},"end":{"line":305,"column":5}},"line":288},"42":{"name":"(anonymous_42)","decl":{"start":{"line":300,"column":15},"end":{"line":300,"column":16}},"loc":{"start":{"line":300,"column":21},"end":{"line":304,"column":9}},"line":300},"43":{"name":"(anonymous_43)","decl":{"start":{"line":312,"column":30},"end":{"line":312,"column":31}},"loc":{"start":{"line":312,"column":41},"end":{"line":316,"column":5}},"line":312},"44":{"name":"(anonymous_44)","decl":{"start":{"line":313,"column":26},"end":{"line":313,"column":27}},"loc":{"start":{"line":314,"column":12},"end":{"line":314,"column":85}},"line":314},"45":{"name":"(anonymous_45)","decl":{"start":{"line":314,"column":47},"end":{"line":314,"column":48}},"loc":{"start":{"line":314,"column":54},"end":{"line":314,"column":65}},"line":314},"46":{"name":"(anonymous_46)","decl":{"start":{"line":318,"column":32},"end":{"line":318,"column":33}},"loc":{"start":{"line":318,"column":45},"end":{"line":321,"column":5}},"line":318},"47":{"name":"(anonymous_47)","decl":{"start":{"line":324,"column":33},"end":{"line":324,"column":34}},"loc":{"start":{"line":324,"column":44},"end":{"line":327,"column":5}},"line":324},"48":{"name":"(anonymous_48)","decl":{"start":{"line":330,"column":33},"end":{"line":330,"column":34}},"loc":{"start":{"line":330,"column":44},"end":{"line":333,"column":5}},"line":330},"49":{"name":"(anonymous_49)","decl":{"start":{"line":336,"column":25},"end":{"line":336,"column":26}},"loc":{"start":{"line":336,"column":31},"end":{"line":338,"column":5}},"line":336},"50":{"name":"(anonymous_50)","decl":{"start":{"line":379,"column":51},"end":{"line":379,"column":52}},"loc":{"start":{"line":379,"column":72},"end":{"line":379,"column":113}},"line":379},"51":{"name":"(anonymous_51)","decl":{"start":{"line":381,"column":71},"end":{"line":381,"column":72}},"loc":{"start":{"line":382,"column":48},"end":{"line":382,"column":115}},"line":382},"52":{"name":"(anonymous_52)","decl":{"start":{"line":403,"column":71},"end":{"line":403,"column":72}},"loc":{"start":{"line":404,"column":48},"end":{"line":404,"column":115}},"line":404},"53":{"name":"(anonymous_53)","decl":{"start":{"line":420,"column":60},"end":{"line":420,"column":61}},"loc":{"start":{"line":420,"column":71},"end":{"line":420,"column":108}},"line":420},"54":{"name":"(anonymous_54)","decl":{"start":{"line":441,"column":38},"end":{"line":441,"column":39}},"loc":{"start":{"line":441,"column":45},"end":{"line":441,"column":75}},"line":441},"55":{"name":"(anonymous_55)","decl":{"start":{"line":446,"column":68},"end":{"line":446,"column":69}},"loc":{"start":{"line":446,"column":75},"end":{"line":446,"column":107}},"line":446},"56":{"name":"(anonymous_56)","decl":{"start":{"line":447,"column":52},"end":{"line":447,"column":53}},"loc":{"start":{"line":448,"column":36},"end":{"line":448,"column":88}},"line":448},"57":{"name":"(anonymous_57)","decl":{"start":{"line":456,"column":48},"end":{"line":456,"column":49}},"loc":{"start":{"line":457,"column":36},"end":{"line":465,"column":42}},"line":457},"58":{"name":"(anonymous_58)","decl":{"start":{"line":462,"column":54},"end":{"line":462,"column":55}},"loc":{"start":{"line":462,"column":60},"end":{"line":462,"column":84}},"line":462},"59":{"name":"(anonymous_59)","decl":{"start":{"line":479,"column":46},"end":{"line":479,"column":47}},"loc":{"start":{"line":479,"column":53},"end":{"line":479,"column":97}},"line":479},"60":{"name":"(anonymous_60)","decl":{"start":{"line":488,"column":46},"end":{"line":488,"column":47}},"loc":{"start":{"line":488,"column":53},"end":{"line":488,"column":97}},"line":488},"61":{"name":"(anonymous_61)","decl":{"start":{"line":496,"column":70},"end":{"line":496,"column":71}},"loc":{"start":{"line":496,"column":77},"end":{"line":496,"column":112}},"line":496},"62":{"name":"(anonymous_62)","decl":{"start":{"line":498,"column":47},"end":{"line":498,"column":48}},"loc":{"start":{"line":499,"column":36},"end":{"line":499,"column":90}},"line":499},"63":{"name":"(anonymous_63)","decl":{"start":{"line":506,"column":67},"end":{"line":506,"column":68}},"loc":{"start":{"line":506,"column":74},"end":{"line":506,"column":105}},"line":506},"64":{"name":"(anonymous_64)","decl":{"start":{"line":509,"column":64},"end":{"line":509,"column":65}},"loc":{"start":{"line":510,"column":40},"end":{"line":510,"column":88}},"line":510},"65":{"name":"(anonymous_65)","decl":{"start":{"line":537,"column":49},"end":{"line":537,"column":50}},"loc":{"start":{"line":538,"column":32},"end":{"line":553,"column":38}},"line":538},"66":{"name":"(anonymous_66)","decl":{"start":{"line":547,"column":53},"end":{"line":547,"column":54}},"loc":{"start":{"line":547,"column":59},"end":{"line":547,"column":89}},"line":547},"67":{"name":"(anonymous_67)","decl":{"start":{"line":575,"column":65},"end":{"line":575,"column":66}},"loc":{"start":{"line":576,"column":44},"end":{"line":582,"column":53}},"line":576},"68":{"name":"(anonymous_68)","decl":{"start":{"line":579,"column":57},"end":{"line":579,"column":58}},"loc":{"start":{"line":579,"column":63},"end":{"line":579,"column":95}},"line":579},"69":{"name":"(anonymous_69)","decl":{"start":{"line":591,"column":45},"end":{"line":591,"column":46}},"loc":{"start":{"line":591,"column":51},"end":{"line":591,"column":98}},"line":591},"70":{"name":"(anonymous_70)","decl":{"start":{"line":591,"column":66},"end":{"line":591,"column":67}},"loc":{"start":{"line":591,"column":76},"end":{"line":591,"column":97}},"line":591},"71":{"name":"(anonymous_71)","decl":{"start":{"line":597,"column":60},"end":{"line":597,"column":61}},"loc":{"start":{"line":598,"column":36},"end":{"line":604,"column":45}},"line":598},"72":{"name":"(anonymous_72)","decl":{"start":{"line":601,"column":49},"end":{"line":601,"column":50}},"loc":{"start":{"line":601,"column":55},"end":{"line":601,"column":80}},"line":601},"73":{"name":"(anonymous_73)","decl":{"start":{"line":609,"column":45},"end":{"line":609,"column":46}},"loc":{"start":{"line":609,"column":51},"end":{"line":609,"column":107}},"line":609},"74":{"name":"(anonymous_74)","decl":{"start":{"line":609,"column":66},"end":{"line":609,"column":67}},"loc":{"start":{"line":609,"column":76},"end":{"line":609,"column":106}},"line":609}},"branchMap":{"0":{"loc":{"start":{"line":37,"column":12},"end":{"line":39,"column":13}},"type":"if","locations":[{"start":{"line":37,"column":12},"end":{"line":39,"column":13}},{"start":{},"end":{}}],"line":37},"1":{"loc":{"start":{"line":55,"column":8},"end":{"line":55,"column":73}},"type":"if","locations":[{"start":{"line":55,"column":8},"end":{"line":55,"column":73}},{"start":{},"end":{}}],"line":55},"2":{"loc":{"start":{"line":75,"column":8},"end":{"line":81,"column":9}},"type":"if","locations":[{"start":{"line":75,"column":8},"end":{"line":81,"column":9}},{"start":{"line":77,"column":15},"end":{"line":81,"column":9}}],"line":75},"3":{"loc":{"start":{"line":77,"column":15},"end":{"line":81,"column":9}},"type":"if","locations":[{"start":{"line":77,"column":15},"end":{"line":81,"column":9}},{"start":{"line":79,"column":15},"end":{"line":81,"column":9}}],"line":77},"4":{"loc":{"start":{"line":86,"column":8},"end":{"line":86,"column":45}},"type":"if","locations":[{"start":{"line":86,"column":8},"end":{"line":86,"column":45}},{"start":{},"end":{}}],"line":86},"5":{"loc":{"start":{"line":91,"column":19},"end":{"line":91,"column":81}},"type":"binary-expr","locations":[{"start":{"line":91,"column":19},"end":{"line":91,"column":46}},{"start":{"line":91,"column":50},"end":{"line":91,"column":81}}],"line":91},"6":{"loc":{"start":{"line":104,"column":8},"end":{"line":104,"column":45}},"type":"if","locations":[{"start":{"line":104,"column":8},"end":{"line":104,"column":45}},{"start":{},"end":{}}],"line":104},"7":{"loc":{"start":{"line":108,"column":12},"end":{"line":112,"column":13}},"type":"if","locations":[{"start":{"line":108,"column":12},"end":{"line":112,"column":13}},{"start":{"line":110,"column":19},"end":{"line":112,"column":13}}],"line":108},"8":{"loc":{"start":{"line":123,"column":8},"end":{"line":123,"column":45}},"type":"if","locations":[{"start":{"line":123,"column":8},"end":{"line":123,"column":45}},{"start":{},"end":{}}],"line":123},"9":{"loc":{"start":{"line":128,"column":12},"end":{"line":130,"column":13}},"type":"if","locations":[{"start":{"line":128,"column":12},"end":{"line":130,"column":13}},{"start":{},"end":{}}],"line":128},"10":{"loc":{"start":{"line":176,"column":8},"end":{"line":179,"column":9}},"type":"if","locations":[{"start":{"line":176,"column":8},"end":{"line":179,"column":9}},{"start":{},"end":{}}],"line":176},"11":{"loc":{"start":{"line":184,"column":8},"end":{"line":193,"column":9}},"type":"if","locations":[{"start":{"line":184,"column":8},"end":{"line":193,"column":9}},{"start":{},"end":{}}],"line":184},"12":{"loc":{"start":{"line":188,"column":20},"end":{"line":190,"column":33}},"type":"cond-expr","locations":[{"start":{"line":189,"column":26},"end":{"line":189,"column":89}},{"start":{"line":190,"column":26},"end":{"line":190,"column":33}}],"line":188},"13":{"loc":{"start":{"line":199,"column":8},"end":{"line":211,"column":9}},"type":"switch","locations":[{"start":{"line":200,"column":12},"end":{"line":202,"column":22}},{"start":{"line":203,"column":12},"end":{"line":205,"column":22}},{"start":{"line":206,"column":12},"end":{"line":208,"column":22}},{"start":{"line":209,"column":12},"end":{"line":210,"column":35}}],"line":199},"14":{"loc":{"start":{"line":230,"column":8},"end":{"line":237,"column":9}},"type":"if","locations":[{"start":{"line":230,"column":8},"end":{"line":237,"column":9}},{"start":{},"end":{}}],"line":230},"15":{"loc":{"start":{"line":233,"column":16},"end":{"line":235,"column":62}},"type":"binary-expr","locations":[{"start":{"line":233,"column":16},"end":{"line":233,"column":58}},{"start":{"line":234,"column":16},"end":{"line":234,"column":59}},{"start":{"line":235,"column":16},"end":{"line":235,"column":62}}],"line":233},"16":{"loc":{"start":{"line":239,"column":8},"end":{"line":241,"column":9}},"type":"if","locations":[{"start":{"line":239,"column":8},"end":{"line":241,"column":9}},{"start":{},"end":{}}],"line":239},"17":{"loc":{"start":{"line":243,"column":8},"end":{"line":249,"column":9}},"type":"if","locations":[{"start":{"line":243,"column":8},"end":{"line":249,"column":9}},{"start":{},"end":{}}],"line":243},"18":{"loc":{"start":{"line":251,"column":8},"end":{"line":253,"column":9}},"type":"if","locations":[{"start":{"line":251,"column":8},"end":{"line":253,"column":9}},{"start":{},"end":{}}],"line":251},"19":{"loc":{"start":{"line":257,"column":19},"end":{"line":257,"column":71}},"type":"binary-expr","locations":[{"start":{"line":257,"column":19},"end":{"line":257,"column":43}},{"start":{"line":257,"column":47},"end":{"line":257,"column":71}}],"line":257},"20":{"loc":{"start":{"line":260,"column":8},"end":{"line":278,"column":9}},"type":"switch","locations":[{"start":{"line":261,"column":12},"end":{"line":268,"column":22}},{"start":{"line":269,"column":12},"end":{"line":271,"column":22}},{"start":{"line":272,"column":12},"end":{"line":274,"column":22}},{"start":{"line":275,"column":12},"end":{"line":277,"column":75}}],"line":260},"21":{"loc":{"start":{"line":295,"column":8},"end":{"line":297,"column":9}},"type":"if","locations":[{"start":{"line":295,"column":8},"end":{"line":297,"column":9}},{"start":{},"end":{}}],"line":295},"22":{"loc":{"start":{"line":301,"column":12},"end":{"line":303,"column":13}},"type":"if","locations":[{"start":{"line":301,"column":12},"end":{"line":303,"column":13}},{"start":{},"end":{}}],"line":301},"23":{"loc":{"start":{"line":314,"column":12},"end":{"line":314,"column":85}},"type":"cond-expr","locations":[{"start":{"line":314,"column":35},"end":{"line":314,"column":66}},{"start":{"line":314,"column":69},"end":{"line":314,"column":85}}],"line":314},"24":{"loc":{"start":{"line":356,"column":58},"end":{"line":356,"column":84}},"type":"cond-expr","locations":[{"start":{"line":356,"column":71},"end":{"line":356,"column":79}},{"start":{"line":356,"column":82},"end":{"line":356,"column":84}}],"line":356},"25":{"loc":{"start":{"line":359,"column":25},"end":{"line":359,"column":73}},"type":"cond-expr","locations":[{"start":{"line":359,"column":38},"end":{"line":359,"column":54}},{"start":{"line":359,"column":57},"end":{"line":359,"column":73}}],"line":359},"26":{"loc":{"start":{"line":363,"column":17},"end":{"line":432,"column":17}},"type":"binary-expr","locations":[{"start":{"line":363,"column":17},"end":{"line":363,"column":27}},{"start":{"line":364,"column":20},"end":{"line":431,"column":26}}],"line":363},"27":{"loc":{"start":{"line":508,"column":33},"end":{"line":511,"column":38}},"type":"binary-expr","locations":[{"start":{"line":508,"column":33},"end":{"line":508,"column":48}},{"start":{"line":509,"column":36},"end":{"line":511,"column":38}}],"line":508},"28":{"loc":{"start":{"line":536,"column":25},"end":{"line":562,"column":25}},"type":"cond-expr","locations":[{"start":{"line":537,"column":28},"end":{"line":554,"column":30}},{"start":{"line":556,"column":28},"end":{"line":561,"column":34}}],"line":536},"29":{"loc":{"start":{"line":573,"column":33},"end":{"line":585,"column":33}},"type":"binary-expr","locations":[{"start":{"line":573,"column":33},"end":{"line":573,"column":54}},{"start":{"line":574,"column":36},"end":{"line":584,"column":42}}],"line":573},"30":{"loc":{"start":{"line":578,"column":75},"end":{"line":578,"column":117}},"type":"cond-expr","locations":[{"start":{"line":578,"column":104},"end":{"line":578,"column":112}},{"start":{"line":578,"column":115},"end":{"line":578,"column":117}}],"line":578},"31":{"loc":{"start":{"line":600,"column":66},"end":{"line":600,"column":107}},"type":"cond-expr","locations":[{"start":{"line":600,"column":94},"end":{"line":600,"column":102}},{"start":{"line":600,"column":105},"end":{"line":600,"column":107}}],"line":600}},"s":{"0":2,"1":76,"2":76,"3":76,"4":76,"5":76,"6":76,"7":76,"8":76,"9":76,"10":76,"11":76,"12":76,"13":76,"14":76,"15":76,"16":76,"17":76,"18":76,"19":76,"20":76,"21":76,"22":76,"23":9,"24":12,"25":9,"26":0,"27":76,"28":1,"29":76,"30":1,"31":1,"32":76,"33":23,"34":1,"35":22,"36":55,"37":22,"38":37,"39":22,"40":22,"41":22,"42":76,"43":198,"44":198,"45":106,"46":92,"47":53,"48":39,"49":76,"50":36,"51":1,"52":35,"53":94,"54":35,"55":94,"56":94,"57":35,"58":94,"59":35,"60":76,"61":36,"62":1,"63":35,"64":35,"65":94,"66":0,"67":94,"68":35,"69":94,"70":76,"71":36,"72":1,"73":35,"74":35,"75":94,"76":94,"77":94,"78":35,"79":85,"80":94,"81":94,"82":94,"83":94,"84":76,"85":0,"86":0,"87":0,"88":0,"89":0,"90":0,"91":76,"92":0,"93":0,"94":0,"95":0,"96":0,"97":76,"98":0,"99":0,"100":0,"101":0,"102":0,"103":76,"104":0,"105":0,"106":0,"107":0,"108":0,"109":0,"110":0,"111":0,"112":0,"113":76,"114":2,"115":2,"116":2,"117":76,"118":4,"119":76,"120":23,"121":23,"122":2,"123":2,"124":6,"125":23,"126":1,"127":3,"128":23,"129":3,"130":9,"131":9,"132":9,"133":23,"134":1,"135":2,"136":23,"137":58,"138":58,"139":23,"140":21,"141":55,"142":55,"143":55,"144":21,"145":1,"146":2,"147":1,"148":1,"149":2,"150":1,"151":0,"152":0,"153":23,"154":23,"155":23,"156":23,"157":76,"158":36,"159":36,"160":36,"161":36,"162":0,"163":36,"164":36,"165":0,"166":76,"167":76,"168":76,"169":76,"170":1,"171":1,"172":0,"173":76,"174":2,"175":2,"176":76,"177":1,"178":1,"179":76,"180":1,"181":1,"182":76,"183":0,"184":76,"185":0,"186":0,"187":0,"188":0,"189":2,"190":3,"191":228,"192":228,"193":1,"194":1,"195":1,"196":2,"197":152,"198":1,"199":18,"200":198,"201":1,"202":15,"203":2,"204":0,"205":0,"206":74,"207":0,"208":0,"209":0},"f":{"0":76,"1":9,"2":1,"3":1,"4":23,"5":55,"6":37,"7":198,"8":36,"9":94,"10":94,"11":94,"12":36,"13":94,"14":94,"15":36,"16":94,"17":85,"18":94,"19":94,"20":0,"21":0,"22":0,"23":0,"24":0,"25":0,"26":0,"27":0,"28":0,"29":2,"30":4,"31":23,"32":6,"33":3,"34":9,"35":2,"36":58,"37":55,"38":2,"39":2,"40":0,"41":36,"42":36,"43":1,"44":1,"45":0,"46":2,"47":1,"48":1,"49":0,"50":0,"51":0,"52":0,"53":0,"54":2,"55":3,"56":228,"57":228,"58":1,"59":1,"60":1,"61":2,"62":152,"63":1,"64":18,"65":198,"66":1,"67":15,"68":2,"69":0,"70":0,"71":74,"72":0,"73":0,"74":0},"b":{"0":[9,3],"1":[1,22],"2":[106,92],"3":[53,39],"4":[1,35],"5":[94,57],"6":[1,35],"7":[0,94],"8":[1,35],"9":[94,0],"10":[0,0],"11":[0,0],"12":[0,0],"13":[0,0,0,0],"14":[2,21],"15":[6,5,5],"16":[1,22],"17":[3,20],"18":[1,22],"19":[58,56],"20":[21,1,1,0],"21":[0,36],"22":[0,36],"23":[0,1],"24":[0,76],"25":[0,76],"26":[76,0],"27":[76,9],"28":[74,2],"29":[76,3],"30":[3,12],"31":[74,0]},"_coverageSchema":"1a1c01bbd47fc00a2c39e90264f33305004495a9","hash":"30618d51d829fa86b0b6e5a88defcdbd69f724ff"}
}
