{"D:\\School\\2ndY_S2\\MPP\\battlepass\\src\\In_memory_storage\\Concerts.js": {"path":"D:\\School\\2ndY_S2\\MPP\\battlepass\\src\\In_memory_storage\\Concerts.js","statementMap":{"0":{"start":{"line":3,"column":17},"end":{"line":16,"column":1}}},"fnMap":{},"branchMap":{},"s":{"0":1},"f":{},"b":{},"_coverageSchema":"1a1c01bbd47fc00a2c39e90264f33305004495a9","hash":"9edcfa853b9282ca629df941361aa2f79ef8ff5c"}
,"D:\\School\\2ndY_S2\\MPP\\battlepass\\src\\pages\\AdminPage.jsx": {"path":"D:\\School\\2ndY_S2\\MPP\\battlepass\\src\\pages\\AdminPage.jsx","statementMap":{"0":{"start":{"line":7,"column":21},"end":{"line":7,"column":34}},"1":{"start":{"line":10,"column":36},"end":{"line":17,"column":6}},"2":{"start":{"line":20,"column":46},"end":{"line":20,"column":60}},"3":{"start":{"line":23,"column":40},"end":{"line":23,"column":55}},"4":{"start":{"line":26,"column":32},"end":{"line":26,"column":44}},"5":{"start":{"line":29,"column":48},"end":{"line":29,"column":60}},"6":{"start":{"line":32,"column":30},"end":{"line":46,"column":5}},"7":{"start":{"line":33,"column":32},"end":{"line":33,"column":40}},"8":{"start":{"line":34,"column":8},"end":{"line":37,"column":11}},"9":{"start":{"line":40,"column":8},"end":{"line":45,"column":9}},"10":{"start":{"line":41,"column":12},"end":{"line":44,"column":15}},"11":{"start":{"line":49,"column":25},"end":{"line":93,"column":5}},"12":{"start":{"line":50,"column":26},"end":{"line":50,"column":28}},"13":{"start":{"line":53,"column":8},"end":{"line":57,"column":9}},"14":{"start":{"line":54,"column":12},"end":{"line":54,"column":54}},"15":{"start":{"line":55,"column":15},"end":{"line":57,"column":9}},"16":{"start":{"line":56,"column":12},"end":{"line":56,"column":70}},"17":{"start":{"line":60,"column":8},"end":{"line":62,"column":9}},"18":{"start":{"line":61,"column":12},"end":{"line":61,"column":54}},"19":{"start":{"line":65,"column":8},"end":{"line":67,"column":9}},"20":{"start":{"line":66,"column":12},"end":{"line":66,"column":70}},"21":{"start":{"line":70,"column":8},"end":{"line":74,"column":9}},"22":{"start":{"line":71,"column":12},"end":{"line":71,"column":56}},"23":{"start":{"line":72,"column":15},"end":{"line":74,"column":9}},"24":{"start":{"line":73,"column":12},"end":{"line":73,"column":73}},"25":{"start":{"line":77,"column":29},"end":{"line":77,"column":52}},"26":{"start":{"line":78,"column":22},"end":{"line":78,"column":32}},"27":{"start":{"line":79,"column":8},"end":{"line":79,"column":35}},"28":{"start":{"line":80,"column":8},"end":{"line":84,"column":9}},"29":{"start":{"line":81,"column":12},"end":{"line":81,"column":48}},"30":{"start":{"line":82,"column":15},"end":{"line":84,"column":9}},"31":{"start":{"line":83,"column":12},"end":{"line":83,"column":64}},"32":{"start":{"line":87,"column":8},"end":{"line":89,"column":9}},"33":{"start":{"line":88,"column":12},"end":{"line":88,"column":57}},"34":{"start":{"line":91,"column":8},"end":{"line":91,"column":29}},"35":{"start":{"line":92,"column":8},"end":{"line":92,"column":51}},"36":{"start":{"line":96,"column":25},"end":{"line":140,"column":5}},"37":{"start":{"line":97,"column":8},"end":{"line":97,"column":27}},"38":{"start":{"line":99,"column":8},"end":{"line":139,"column":9}},"39":{"start":{"line":100,"column":12},"end":{"line":120,"column":13}},"40":{"start":{"line":102,"column":35},"end":{"line":102,"column":97}},"41":{"start":{"line":102,"column":65},"end":{"line":102,"column":96}},"42":{"start":{"line":103,"column":16},"end":{"line":109,"column":17}},"43":{"start":{"line":104,"column":20},"end":{"line":107,"column":22}},"44":{"start":{"line":108,"column":20},"end":{"line":108,"column":97}},"45":{"start":{"line":110,"column":16},"end":{"line":110,"column":37}},"46":{"start":{"line":113,"column":30},"end":{"line":113,"column":85}},"47":{"start":{"line":113,"column":66},"end":{"line":113,"column":76}},"48":{"start":{"line":114,"column":35},"end":{"line":117,"column":17}},"49":{"start":{"line":118,"column":16},"end":{"line":118,"column":42}},"50":{"start":{"line":119,"column":16},"end":{"line":119,"column":91}},"51":{"start":{"line":123,"column":12},"end":{"line":130,"column":15}},"52":{"start":{"line":133,"column":12},"end":{"line":133,"column":35}},"53":{"start":{"line":136,"column":12},"end":{"line":138,"column":21}},"54":{"start":{"line":137,"column":16},"end":{"line":137,"column":38}},"55":{"start":{"line":143,"column":30},"end":{"line":151,"column":5}},"56":{"start":{"line":144,"column":8},"end":{"line":150,"column":9}},"57":{"start":{"line":146,"column":12},"end":{"line":146,"column":35}},"58":{"start":{"line":149,"column":12},"end":{"line":149,"column":38}},"59":{"start":{"line":154,"column":28},"end":{"line":168,"column":5}},"60":{"start":{"line":155,"column":8},"end":{"line":167,"column":9}},"61":{"start":{"line":156,"column":12},"end":{"line":163,"column":15}},"62":{"start":{"line":164,"column":12},"end":{"line":164,"column":32}},"63":{"start":{"line":166,"column":12},"end":{"line":166,"column":101}},"64":{"start":{"line":171,"column":29},"end":{"line":183,"column":5}},"65":{"start":{"line":172,"column":8},"end":{"line":179,"column":11}},"66":{"start":{"line":180,"column":8},"end":{"line":180,"column":29}},"67":{"start":{"line":181,"column":8},"end":{"line":181,"column":31}},"68":{"start":{"line":182,"column":8},"end":{"line":182,"column":22}},"69":{"start":{"line":186,"column":30},"end":{"line":201,"column":5}},"70":{"start":{"line":187,"column":8},"end":{"line":200,"column":9}},"71":{"start":{"line":188,"column":31},"end":{"line":188,"column":93}},"72":{"start":{"line":188,"column":61},"end":{"line":188,"column":92}},"73":{"start":{"line":189,"column":12},"end":{"line":199,"column":13}},"74":{"start":{"line":190,"column":34},"end":{"line":190,"column":59}},"75":{"start":{"line":191,"column":16},"end":{"line":191,"column":47}},"76":{"start":{"line":192,"column":16},"end":{"line":192,"column":89}},"77":{"start":{"line":193,"column":16},"end":{"line":193,"column":39}},"78":{"start":{"line":196,"column":16},"end":{"line":198,"column":25}},"79":{"start":{"line":197,"column":20},"end":{"line":197,"column":42}},"80":{"start":{"line":204,"column":25},"end":{"line":206,"column":5}},"81":{"start":{"line":205,"column":8},"end":{"line":205,"column":22}},"82":{"start":{"line":208,"column":4},"end":{"line":379,"column":6}},"83":{"start":{"line":358,"column":28},"end":{"line":373,"column":34}},"84":{"start":{"line":361,"column":47},"end":{"line":361,"column":73}}},"fnMap":{"0":{"name":"AdminPage","decl":{"start":{"line":6,"column":9},"end":{"line":6,"column":18}},"loc":{"start":{"line":6,"column":21},"end":{"line":380,"column":1}},"line":6},"1":{"name":"(anonymous_1)","decl":{"start":{"line":32,"column":30},"end":{"line":32,"column":31}},"loc":{"start":{"line":32,"column":37},"end":{"line":46,"column":5}},"line":32},"2":{"name":"(anonymous_2)","decl":{"start":{"line":49,"column":25},"end":{"line":49,"column":26}},"loc":{"start":{"line":49,"column":31},"end":{"line":93,"column":5}},"line":49},"3":{"name":"(anonymous_3)","decl":{"start":{"line":96,"column":25},"end":{"line":96,"column":26}},"loc":{"start":{"line":96,"column":32},"end":{"line":140,"column":5}},"line":96},"4":{"name":"(anonymous_4)","decl":{"start":{"line":102,"column":54},"end":{"line":102,"column":55}},"loc":{"start":{"line":102,"column":65},"end":{"line":102,"column":96}},"line":102},"5":{"name":"(anonymous_5)","decl":{"start":{"line":113,"column":55},"end":{"line":113,"column":56}},"loc":{"start":{"line":113,"column":66},"end":{"line":113,"column":76}},"line":113},"6":{"name":"(anonymous_6)","decl":{"start":{"line":136,"column":23},"end":{"line":136,"column":24}},"loc":{"start":{"line":136,"column":29},"end":{"line":138,"column":13}},"line":136},"7":{"name":"(anonymous_7)","decl":{"start":{"line":143,"column":30},"end":{"line":143,"column":31}},"loc":{"start":{"line":143,"column":43},"end":{"line":151,"column":5}},"line":143},"8":{"name":"(anonymous_8)","decl":{"start":{"line":154,"column":28},"end":{"line":154,"column":29}},"loc":{"start":{"line":154,"column":34},"end":{"line":168,"column":5}},"line":154},"9":{"name":"(anonymous_9)","decl":{"start":{"line":171,"column":29},"end":{"line":171,"column":30}},"loc":{"start":{"line":171,"column":35},"end":{"line":183,"column":5}},"line":171},"10":{"name":"(anonymous_10)","decl":{"start":{"line":186,"column":30},"end":{"line":186,"column":31}},"loc":{"start":{"line":186,"column":36},"end":{"line":201,"column":5}},"line":186},"11":{"name":"(anonymous_11)","decl":{"start":{"line":188,"column":50},"end":{"line":188,"column":51}},"loc":{"start":{"line":188,"column":61},"end":{"line":188,"column":92}},"line":188},"12":{"name":"(anonymous_12)","decl":{"start":{"line":196,"column":27},"end":{"line":196,"column":28}},"loc":{"start":{"line":196,"column":33},"end":{"line":198,"column":17}},"line":196},"13":{"name":"(anonymous_13)","decl":{"start":{"line":204,"column":25},"end":{"line":204,"column":26}},"loc":{"start":{"line":204,"column":31},"end":{"line":206,"column":5}},"line":204},"14":{"name":"(anonymous_14)","decl":{"start":{"line":357,"column":38},"end":{"line":357,"column":39}},"loc":{"start":{"line":358,"column":28},"end":{"line":373,"column":34}},"line":358},"15":{"name":"(anonymous_15)","decl":{"start":{"line":361,"column":41},"end":{"line":361,"column":42}},"loc":{"start":{"line":361,"column":47},"end":{"line":361,"column":73}},"line":361}},"branchMap":{"0":{"loc":{"start":{"line":40,"column":8},"end":{"line":45,"column":9}},"type":"if","locations":[{"start":{"line":40,"column":8},"end":{"line":45,"column":9}},{"start":{},"end":{}}],"line":40},"1":{"loc":{"start":{"line":53,"column":8},"end":{"line":57,"column":9}},"type":"if","locations":[{"start":{"line":53,"column":8},"end":{"line":57,"column":9}},{"start":{"line":55,"column":15},"end":{"line":57,"column":9}}],"line":53},"2":{"loc":{"start":{"line":55,"column":15},"end":{"line":57,"column":9}},"type":"if","locations":[{"start":{"line":55,"column":15},"end":{"line":57,"column":9}},{"start":{},"end":{}}],"line":55},"3":{"loc":{"start":{"line":60,"column":8},"end":{"line":62,"column":9}},"type":"if","locations":[{"start":{"line":60,"column":8},"end":{"line":62,"column":9}},{"start":{},"end":{}}],"line":60},"4":{"loc":{"start":{"line":65,"column":8},"end":{"line":67,"column":9}},"type":"if","locations":[{"start":{"line":65,"column":8},"end":{"line":67,"column":9}},{"start":{},"end":{}}],"line":65},"5":{"loc":{"start":{"line":70,"column":8},"end":{"line":74,"column":9}},"type":"if","locations":[{"start":{"line":70,"column":8},"end":{"line":74,"column":9}},{"start":{"line":72,"column":15},"end":{"line":74,"column":9}}],"line":70},"6":{"loc":{"start":{"line":72,"column":15},"end":{"line":74,"column":9}},"type":"if","locations":[{"start":{"line":72,"column":15},"end":{"line":74,"column":9}},{"start":{},"end":{}}],"line":72},"7":{"loc":{"start":{"line":80,"column":8},"end":{"line":84,"column":9}},"type":"if","locations":[{"start":{"line":80,"column":8},"end":{"line":84,"column":9}},{"start":{"line":82,"column":15},"end":{"line":84,"column":9}}],"line":80},"8":{"loc":{"start":{"line":82,"column":15},"end":{"line":84,"column":9}},"type":"if","locations":[{"start":{"line":82,"column":15},"end":{"line":84,"column":9}},{"start":{},"end":{}}],"line":82},"9":{"loc":{"start":{"line":87,"column":8},"end":{"line":89,"column":9}},"type":"if","locations":[{"start":{"line":87,"column":8},"end":{"line":89,"column":9}},{"start":{},"end":{}}],"line":87},"10":{"loc":{"start":{"line":99,"column":8},"end":{"line":139,"column":9}},"type":"if","locations":[{"start":{"line":99,"column":8},"end":{"line":139,"column":9}},{"start":{},"end":{}}],"line":99},"11":{"loc":{"start":{"line":100,"column":12},"end":{"line":120,"column":13}},"type":"if","locations":[{"start":{"line":100,"column":12},"end":{"line":120,"column":13}},{"start":{"line":111,"column":19},"end":{"line":120,"column":13}}],"line":100},"12":{"loc":{"start":{"line":100,"column":16},"end":{"line":100,"column":43}},"type":"binary-expr","locations":[{"start":{"line":100,"column":16},"end":{"line":100,"column":26}},{"start":{"line":100,"column":30},"end":{"line":100,"column":43}}],"line":100},"13":{"loc":{"start":{"line":103,"column":16},"end":{"line":109,"column":17}},"type":"if","locations":[{"start":{"line":103,"column":16},"end":{"line":109,"column":17}},{"start":{},"end":{}}],"line":103},"14":{"loc":{"start":{"line":144,"column":8},"end":{"line":150,"column":9}},"type":"if","locations":[{"start":{"line":144,"column":8},"end":{"line":150,"column":9}},{"start":{"line":147,"column":15},"end":{"line":150,"column":9}}],"line":144},"15":{"loc":{"start":{"line":144,"column":12},"end":{"line":144,"column":60}},"type":"binary-expr","locations":[{"start":{"line":144,"column":12},"end":{"line":144,"column":25}},{"start":{"line":144,"column":29},"end":{"line":144,"column":60}}],"line":144},"16":{"loc":{"start":{"line":155,"column":8},"end":{"line":167,"column":9}},"type":"if","locations":[{"start":{"line":155,"column":8},"end":{"line":167,"column":9}},{"start":{},"end":{}}],"line":155},"17":{"loc":{"start":{"line":187,"column":8},"end":{"line":200,"column":9}},"type":"if","locations":[{"start":{"line":187,"column":8},"end":{"line":200,"column":9}},{"start":{},"end":{}}],"line":187},"18":{"loc":{"start":{"line":189,"column":12},"end":{"line":199,"column":13}},"type":"if","locations":[{"start":{"line":189,"column":12},"end":{"line":199,"column":13}},{"start":{},"end":{}}],"line":189},"19":{"loc":{"start":{"line":217,"column":25},"end":{"line":217,"column":73}},"type":"cond-expr","locations":[{"start":{"line":217,"column":38},"end":{"line":217,"column":52}},{"start":{"line":217,"column":55},"end":{"line":217,"column":73}}],"line":217},"20":{"loc":{"start":{"line":219,"column":21},"end":{"line":221,"column":21}},"type":"binary-expr","locations":[{"start":{"line":219,"column":21},"end":{"line":219,"column":35}},{"start":{"line":220,"column":24},"end":{"line":220,"column":89}}],"line":219},"21":{"loc":{"start":{"line":232,"column":43},"end":{"line":232,"column":75}},"type":"cond-expr","locations":[{"start":{"line":232,"column":57},"end":{"line":232,"column":70}},{"start":{"line":232,"column":73},"end":{"line":232,"column":75}}],"line":232},"22":{"loc":{"start":{"line":235,"column":29},"end":{"line":235,"column":94}},"type":"binary-expr","locations":[{"start":{"line":235,"column":29},"end":{"line":235,"column":40}},{"start":{"line":235,"column":44},"end":{"line":235,"column":94}}],"line":235},"23":{"loc":{"start":{"line":245,"column":43},"end":{"line":245,"column":76}},"type":"cond-expr","locations":[{"start":{"line":245,"column":58},"end":{"line":245,"column":71}},{"start":{"line":245,"column":74},"end":{"line":245,"column":76}}],"line":245},"24":{"loc":{"start":{"line":254,"column":29},"end":{"line":254,"column":96}},"type":"binary-expr","locations":[{"start":{"line":254,"column":29},"end":{"line":254,"column":41}},{"start":{"line":254,"column":45},"end":{"line":254,"column":96}}],"line":254},"25":{"loc":{"start":{"line":266,"column":43},"end":{"line":266,"column":76}},"type":"cond-expr","locations":[{"start":{"line":266,"column":58},"end":{"line":266,"column":71}},{"start":{"line":266,"column":74},"end":{"line":266,"column":76}}],"line":266},"26":{"loc":{"start":{"line":269,"column":29},"end":{"line":269,"column":96}},"type":"binary-expr","locations":[{"start":{"line":269,"column":29},"end":{"line":269,"column":41}},{"start":{"line":269,"column":45},"end":{"line":269,"column":96}}],"line":269},"27":{"loc":{"start":{"line":280,"column":43},"end":{"line":280,"column":79}},"type":"cond-expr","locations":[{"start":{"line":280,"column":61},"end":{"line":280,"column":74}},{"start":{"line":280,"column":77},"end":{"line":280,"column":79}}],"line":280},"28":{"loc":{"start":{"line":283,"column":29},"end":{"line":283,"column":102}},"type":"binary-expr","locations":[{"start":{"line":283,"column":29},"end":{"line":283,"column":44}},{"start":{"line":283,"column":48},"end":{"line":283,"column":102}}],"line":283},"29":{"loc":{"start":{"line":294,"column":43},"end":{"line":294,"column":75}},"type":"cond-expr","locations":[{"start":{"line":294,"column":57},"end":{"line":294,"column":70}},{"start":{"line":294,"column":73},"end":{"line":294,"column":75}}],"line":294},"30":{"loc":{"start":{"line":297,"column":29},"end":{"line":297,"column":94}},"type":"binary-expr","locations":[{"start":{"line":297,"column":29},"end":{"line":297,"column":40}},{"start":{"line":297,"column":44},"end":{"line":297,"column":94}}],"line":297},"31":{"loc":{"start":{"line":309,"column":43},"end":{"line":309,"column":79}},"type":"cond-expr","locations":[{"start":{"line":309,"column":61},"end":{"line":309,"column":74}},{"start":{"line":309,"column":77},"end":{"line":309,"column":79}}],"line":309},"32":{"loc":{"start":{"line":312,"column":29},"end":{"line":312,"column":102}},"type":"binary-expr","locations":[{"start":{"line":312,"column":29},"end":{"line":312,"column":44}},{"start":{"line":312,"column":48},"end":{"line":312,"column":102}}],"line":312},"33":{"loc":{"start":{"line":318,"column":49},"end":{"line":318,"column":107}},"type":"cond-expr","locations":[{"start":{"line":318,"column":62},"end":{"line":318,"column":83}},{"start":{"line":318,"column":86},"end":{"line":318,"column":107}}],"line":318},"34":{"loc":{"start":{"line":319,"column":33},"end":{"line":319,"column":77}},"type":"cond-expr","locations":[{"start":{"line":319,"column":46},"end":{"line":319,"column":60}},{"start":{"line":319,"column":63},"end":{"line":319,"column":77}}],"line":319},"35":{"loc":{"start":{"line":321,"column":29},"end":{"line":329,"column":29}},"type":"binary-expr","locations":[{"start":{"line":321,"column":29},"end":{"line":321,"column":39}},{"start":{"line":322,"column":32},"end":{"line":328,"column":41}}],"line":321},"36":{"loc":{"start":{"line":337,"column":21},"end":{"line":354,"column":21}},"type":"binary-expr","locations":[{"start":{"line":337,"column":21},"end":{"line":337,"column":40}},{"start":{"line":338,"column":24},"end":{"line":353,"column":30}}],"line":337},"37":{"loc":{"start":{"line":342,"column":68},"end":{"line":342,"column":117}},"type":"cond-expr","locations":[{"start":{"line":342,"column":85},"end":{"line":342,"column":112}},{"start":{"line":342,"column":115},"end":{"line":342,"column":117}}],"line":342},"38":{"loc":{"start":{"line":349,"column":70},"end":{"line":349,"column":119}},"type":"cond-expr","locations":[{"start":{"line":349,"column":87},"end":{"line":349,"column":114}},{"start":{"line":349,"column":117},"end":{"line":349,"column":119}}],"line":349},"39":{"loc":{"start":{"line":360,"column":67},"end":{"line":360,"column":149}},"type":"cond-expr","locations":[{"start":{"line":360,"column":118},"end":{"line":360,"column":144}},{"start":{"line":360,"column":147},"end":{"line":360,"column":149}}],"line":360},"40":{"loc":{"start":{"line":360,"column":67},"end":{"line":360,"column":115}},"type":"binary-expr","locations":[{"start":{"line":360,"column":67},"end":{"line":360,"column":80}},{"start":{"line":360,"column":84},"end":{"line":360,"column":115}}],"line":360}},"s":{"0":30,"1":30,"2":30,"3":30,"4":30,"5":30,"6":30,"7":19,"8":19,"9":19,"10":0,"11":30,"12":4,"13":4,"14":0,"15":4,"16":0,"17":4,"18":0,"19":4,"20":0,"21":4,"22":0,"23":4,"24":0,"25":4,"26":4,"27":4,"28":4,"29":0,"30":4,"31":0,"32":4,"33":0,"34":4,"35":4,"36":30,"37":4,"38":4,"39":4,"40":1,"41":13,"42":1,"43":1,"44":1,"45":1,"46":3,"47":36,"48":3,"49":3,"50":3,"51":4,"52":4,"53":4,"54":0,"55":30,"56":2,"57":0,"58":2,"59":30,"60":1,"61":1,"62":1,"63":1,"64":30,"65":0,"66":0,"67":0,"68":0,"69":30,"70":1,"71":1,"72":13,"73":1,"74":1,"75":1,"76":1,"77":1,"78":1,"79":0,"80":30,"81":0,"82":30,"83":368,"84":2},"f":{"0":30,"1":19,"2":4,"3":4,"4":13,"5":36,"6":0,"7":2,"8":1,"9":0,"10":1,"11":13,"12":0,"13":0,"14":368,"15":2},"b":{"0":[0,19],"1":[0,4],"2":[0,4],"3":[0,4],"4":[0,4],"5":[0,4],"6":[0,4],"7":[0,4],"8":[0,4],"9":[0,4],"10":[4,0],"11":[1,3],"12":[4,1],"13":[1,0],"14":[0,2],"15":[2,0],"16":[1,0],"17":[1,0],"18":[1,0],"19":[2,28],"20":[30,9],"21":[0,30],"22":[30,0],"23":[0,30],"24":[30,0],"25":[0,30],"26":[30,0],"27":[0,30],"28":[30,0],"29":[0,30],"30":[30,0],"31":[0,30],"32":[30,0],"33":[2,28],"34":[2,28],"35":[30,2],"36":[30,30],"37":[26,4],"38":[26,4],"39":[4,364],"40":[368,52]},"_coverageSchema":"1a1c01bbd47fc00a2c39e90264f33305004495a9","hash":"1b0edc762f5d7c045aa00bd8e74cc0a5701b0d58"}
,"D:\\School\\2ndY_S2\\MPP\\battlepass\\src\\pages\\Events.jsx": {"path":"D:\\School\\2ndY_S2\\MPP\\battlepass\\src\\pages\\Events.jsx","statementMap":{"0":{"start":{"line":8,"column":15},"end":{"line":540,"column":1}},"1":{"start":{"line":9,"column":21},"end":{"line":9,"column":34}},"2":{"start":{"line":10,"column":28},"end":{"line":10,"column":29}},"3":{"start":{"line":11,"column":42},"end":{"line":11,"column":53}},"4":{"start":{"line":12,"column":48},"end":{"line":12,"column":60}},"5":{"start":{"line":13,"column":46},"end":{"line":13,"column":73}},"6":{"start":{"line":14,"column":50},"end":{"line":14,"column":62}},"7":{"start":{"line":15,"column":44},"end":{"line":15,"column":56}},"8":{"start":{"line":16,"column":42},"end":{"line":16,"column":54}},"9":{"start":{"line":17,"column":36},"end":{"line":17,"column":47}},"10":{"start":{"line":18,"column":36},"end":{"line":18,"column":50}},"11":{"start":{"line":19,"column":52},"end":{"line":19,"column":75}},"12":{"start":{"line":20,"column":50},"end":{"line":20,"column":90}},"13":{"start":{"line":21,"column":40},"end":{"line":21,"column":55}},"14":{"start":{"line":24,"column":62},"end":{"line":24,"column":74}},"15":{"start":{"line":25,"column":62},"end":{"line":25,"column":74}},"16":{"start":{"line":26,"column":48},"end":{"line":26,"column":60}},"17":{"start":{"line":29,"column":33},"end":{"line":29,"column":45}},"18":{"start":{"line":30,"column":19},"end":{"line":30,"column":96}},"19":{"start":{"line":33,"column":27},"end":{"line":40,"column":5}},"20":{"start":{"line":34,"column":8},"end":{"line":38,"column":9}},"21":{"start":{"line":35,"column":12},"end":{"line":37,"column":13}},"22":{"start":{"line":36,"column":16},"end":{"line":36,"column":31}},"23":{"start":{"line":39,"column":8},"end":{"line":39,"column":20}},"24":{"start":{"line":42,"column":23},"end":{"line":44,"column":5}},"25":{"start":{"line":43,"column":8},"end":{"line":43,"column":86}},"26":{"start":{"line":46,"column":34},"end":{"line":49,"column":5}},"27":{"start":{"line":47,"column":26},"end":{"line":47,"column":50}},"28":{"start":{"line":48,"column":8},"end":{"line":48,"column":64}},"29":{"start":{"line":52,"column":37},"end":{"line":68,"column":5}},"30":{"start":{"line":53,"column":8},"end":{"line":53,"column":73}},"31":{"start":{"line":53,"column":35},"end":{"line":53,"column":73}},"32":{"start":{"line":56,"column":23},"end":{"line":56,"column":90}},"33":{"start":{"line":56,"column":47},"end":{"line":56,"column":89}},"34":{"start":{"line":57,"column":8},"end":{"line":57,"column":37}},"35":{"start":{"line":57,"column":30},"end":{"line":57,"column":35}},"36":{"start":{"line":60,"column":29},"end":{"line":60,"column":66}},"37":{"start":{"line":61,"column":32},"end":{"line":61,"column":73}},"38":{"start":{"line":63,"column":8},"end":{"line":67,"column":10}},"39":{"start":{"line":71,"column":32},"end":{"line":80,"column":5}},"40":{"start":{"line":72,"column":29},"end":{"line":72,"column":63}},"41":{"start":{"line":73,"column":8},"end":{"line":79,"column":9}},"42":{"start":{"line":74,"column":12},"end":{"line":74,"column":38}},"43":{"start":{"line":75,"column":15},"end":{"line":79,"column":9}},"44":{"start":{"line":76,"column":12},"end":{"line":76,"column":41}},"45":{"start":{"line":78,"column":12},"end":{"line":78,"column":39}},"46":{"start":{"line":83,"column":43},"end":{"line":98,"column":5}},"47":{"start":{"line":84,"column":8},"end":{"line":84,"column":45}},"48":{"start":{"line":84,"column":35},"end":{"line":84,"column":45}},"49":{"start":{"line":86,"column":25},"end":{"line":86,"column":125}},"50":{"start":{"line":86,"column":52},"end":{"line":86,"column":117}},"51":{"start":{"line":87,"column":28},"end":{"line":90,"column":17}},"52":{"start":{"line":88,"column":26},"end":{"line":88,"column":68}},"53":{"start":{"line":89,"column":12},"end":{"line":89,"column":82}},"54":{"start":{"line":91,"column":26},"end":{"line":91,"column":128}},"55":{"start":{"line":91,"column":53},"end":{"line":91,"column":120}},"56":{"start":{"line":93,"column":8},"end":{"line":97,"column":10}},"57":{"start":{"line":101,"column":43},"end":{"line":117,"column":5}},"58":{"start":{"line":102,"column":8},"end":{"line":102,"column":45}},"59":{"start":{"line":102,"column":35},"end":{"line":102,"column":45}},"60":{"start":{"line":104,"column":28},"end":{"line":104,"column":30}},"61":{"start":{"line":105,"column":8},"end":{"line":111,"column":11}},"62":{"start":{"line":106,"column":12},"end":{"line":110,"column":13}},"63":{"start":{"line":107,"column":16},"end":{"line":107,"column":45}},"64":{"start":{"line":109,"column":16},"end":{"line":109,"column":47}},"65":{"start":{"line":113,"column":8},"end":{"line":116,"column":12}},"66":{"start":{"line":113,"column":54},"end":{"line":116,"column":9}},"67":{"start":{"line":120,"column":35},"end":{"line":137,"column":5}},"68":{"start":{"line":122,"column":22},"end":{"line":122,"column":123}},"69":{"start":{"line":122,"column":66},"end":{"line":122,"column":78}},"70":{"start":{"line":122,"column":97},"end":{"line":122,"column":122}},"71":{"start":{"line":125,"column":8},"end":{"line":136,"column":11}},"72":{"start":{"line":126,"column":35},"end":{"line":126,"column":92}},"73":{"start":{"line":126,"column":70},"end":{"line":126,"column":91}},"74":{"start":{"line":127,"column":29},"end":{"line":127,"column":145}},"75":{"start":{"line":127,"column":69},"end":{"line":127,"column":117}},"76":{"start":{"line":130,"column":30},"end":{"line":130,"column":55}},"77":{"start":{"line":132,"column":12},"end":{"line":135,"column":14}},"78":{"start":{"line":140,"column":25},"end":{"line":162,"column":5}},"79":{"start":{"line":142,"column":8},"end":{"line":161,"column":16}},"80":{"start":{"line":144,"column":12},"end":{"line":144,"column":56}},"81":{"start":{"line":147,"column":45},"end":{"line":150,"column":15}},"82":{"start":{"line":147,"column":80},"end":{"line":150,"column":13}},"83":{"start":{"line":151,"column":12},"end":{"line":151,"column":63}},"84":{"start":{"line":154,"column":12},"end":{"line":160,"column":13}},"85":{"start":{"line":155,"column":49},"end":{"line":158,"column":19}},"86":{"start":{"line":155,"column":84},"end":{"line":158,"column":17}},"87":{"start":{"line":159,"column":16},"end":{"line":159,"column":67}},"88":{"start":{"line":165,"column":4},"end":{"line":225,"column":104}},"89":{"start":{"line":166,"column":21},"end":{"line":166,"column":34}},"90":{"start":{"line":169,"column":8},"end":{"line":176,"column":9}},"91":{"start":{"line":170,"column":26},"end":{"line":170,"column":51}},"92":{"start":{"line":171,"column":12},"end":{"line":175,"column":14}},"93":{"start":{"line":172,"column":16},"end":{"line":174,"column":62}},"94":{"start":{"line":178,"column":8},"end":{"line":180,"column":9}},"95":{"start":{"line":179,"column":12},"end":{"line":179,"column":86}},"96":{"start":{"line":179,"column":46},"end":{"line":179,"column":84}},"97":{"start":{"line":182,"column":8},"end":{"line":188,"column":9}},"98":{"start":{"line":183,"column":12},"end":{"line":187,"column":15}},"99":{"start":{"line":184,"column":36},"end":{"line":184,"column":52}},"100":{"start":{"line":185,"column":39},"end":{"line":185,"column":66}},"101":{"start":{"line":186,"column":16},"end":{"line":186,"column":58}},"102":{"start":{"line":190,"column":8},"end":{"line":192,"column":9}},"103":{"start":{"line":191,"column":12},"end":{"line":191,"column":81}},"104":{"start":{"line":191,"column":46},"end":{"line":191,"column":79}},"105":{"start":{"line":194,"column":8},"end":{"line":197,"column":11}},"106":{"start":{"line":195,"column":33},"end":{"line":195,"column":75}},"107":{"start":{"line":196,"column":12},"end":{"line":196,"column":72}},"108":{"start":{"line":199,"column":8},"end":{"line":217,"column":9}},"109":{"start":{"line":201,"column":16},"end":{"line":206,"column":19}},"110":{"start":{"line":203,"column":35},"end":{"line":203,"column":71}},"111":{"start":{"line":204,"column":35},"end":{"line":204,"column":71}},"112":{"start":{"line":205,"column":20},"end":{"line":205,"column":43}},"113":{"start":{"line":207,"column":16},"end":{"line":207,"column":22}},"114":{"start":{"line":209,"column":16},"end":{"line":209,"column":75}},"115":{"start":{"line":209,"column":38},"end":{"line":209,"column":73}},"116":{"start":{"line":210,"column":16},"end":{"line":210,"column":22}},"117":{"start":{"line":212,"column":16},"end":{"line":212,"column":76}},"118":{"start":{"line":212,"column":38},"end":{"line":212,"column":74}},"119":{"start":{"line":213,"column":16},"end":{"line":213,"column":22}},"120":{"start":{"line":216,"column":16},"end":{"line":216,"column":75}},"121":{"start":{"line":216,"column":38},"end":{"line":216,"column":73}},"122":{"start":{"line":220,"column":30},"end":{"line":220,"column":62}},"123":{"start":{"line":221,"column":8},"end":{"line":221,"column":42}},"124":{"start":{"line":223,"column":8},"end":{"line":223,"column":36}},"125":{"start":{"line":224,"column":8},"end":{"line":224,"column":26}},"126":{"start":{"line":228,"column":4},"end":{"line":245,"column":56}},"127":{"start":{"line":230,"column":8},"end":{"line":230,"column":83}},"128":{"start":{"line":231,"column":8},"end":{"line":231,"column":83}},"129":{"start":{"line":232,"column":8},"end":{"line":232,"column":52}},"130":{"start":{"line":235,"column":8},"end":{"line":237,"column":9}},"131":{"start":{"line":236,"column":12},"end":{"line":236,"column":75}},"132":{"start":{"line":240,"column":8},"end":{"line":244,"column":10}},"133":{"start":{"line":241,"column":12},"end":{"line":243,"column":13}},"134":{"start":{"line":242,"column":16},"end":{"line":242,"column":60}},"135":{"start":{"line":248,"column":23},"end":{"line":248,"column":75}},"136":{"start":{"line":249,"column":23},"end":{"line":249,"column":58}},"137":{"start":{"line":250,"column":29},"end":{"line":250,"column":93}},"138":{"start":{"line":252,"column":30},"end":{"line":256,"column":5}},"139":{"start":{"line":253,"column":8},"end":{"line":255,"column":10}},"140":{"start":{"line":254,"column":12},"end":{"line":254,"column":85}},"141":{"start":{"line":254,"column":54},"end":{"line":254,"column":65}},"142":{"start":{"line":258,"column":32},"end":{"line":261,"column":5}},"143":{"start":{"line":259,"column":8},"end":{"line":259,"column":36}},"144":{"start":{"line":260,"column":8},"end":{"line":260,"column":28}},"145":{"start":{"line":264,"column":33},"end":{"line":267,"column":5}},"146":{"start":{"line":265,"column":28},"end":{"line":265,"column":53}},"147":{"start":{"line":266,"column":8},"end":{"line":266,"column":33}},"148":{"start":{"line":270,"column":33},"end":{"line":273,"column":5}},"149":{"start":{"line":271,"column":28},"end":{"line":271,"column":53}},"150":{"start":{"line":272,"column":8},"end":{"line":272,"column":33}},"151":{"start":{"line":276,"column":25},"end":{"line":278,"column":5}},"152":{"start":{"line":277,"column":8},"end":{"line":277,"column":35}},"153":{"start":{"line":280,"column":4},"end":{"line":539,"column":6}},"154":{"start":{"line":318,"column":72},"end":{"line":318,"column":113}},"155":{"start":{"line":321,"column":48},"end":{"line":321,"column":115}},"156":{"start":{"line":343,"column":48},"end":{"line":343,"column":115}},"157":{"start":{"line":359,"column":71},"end":{"line":359,"column":108}},"158":{"start":{"line":380,"column":45},"end":{"line":380,"column":75}},"159":{"start":{"line":385,"column":75},"end":{"line":385,"column":107}},"160":{"start":{"line":387,"column":36},"end":{"line":387,"column":88}},"161":{"start":{"line":396,"column":36},"end":{"line":404,"column":42}},"162":{"start":{"line":401,"column":60},"end":{"line":401,"column":84}},"163":{"start":{"line":418,"column":53},"end":{"line":418,"column":97}},"164":{"start":{"line":427,"column":53},"end":{"line":427,"column":97}},"165":{"start":{"line":435,"column":77},"end":{"line":435,"column":112}},"166":{"start":{"line":438,"column":36},"end":{"line":438,"column":90}},"167":{"start":{"line":445,"column":74},"end":{"line":445,"column":105}},"168":{"start":{"line":449,"column":40},"end":{"line":449,"column":88}},"169":{"start":{"line":477,"column":32},"end":{"line":492,"column":38}},"170":{"start":{"line":486,"column":59},"end":{"line":486,"column":89}},"171":{"start":{"line":506,"column":47},"end":{"line":506,"column":94}},"172":{"start":{"line":506,"column":72},"end":{"line":506,"column":93}},"173":{"start":{"line":513,"column":32},"end":{"line":519,"column":41}},"174":{"start":{"line":516,"column":51},"end":{"line":516,"column":76}},"175":{"start":{"line":524,"column":47},"end":{"line":524,"column":103}},"176":{"start":{"line":524,"column":72},"end":{"line":524,"column":102}}},"fnMap":{"0":{"name":"(anonymous_0)","decl":{"start":{"line":8,"column":15},"end":{"line":8,"column":16}},"loc":{"start":{"line":8,"column":21},"end":{"line":540,"column":1}},"line":8},"1":{"name":"(anonymous_1)","decl":{"start":{"line":33,"column":27},"end":{"line":33,"column":28}},"loc":{"start":{"line":33,"column":41},"end":{"line":40,"column":5}},"line":33},"2":{"name":"(anonymous_2)","decl":{"start":{"line":42,"column":23},"end":{"line":42,"column":24}},"loc":{"start":{"line":42,"column":33},"end":{"line":44,"column":5}},"line":42},"3":{"name":"(anonymous_3)","decl":{"start":{"line":46,"column":34},"end":{"line":46,"column":35}},"loc":{"start":{"line":46,"column":47},"end":{"line":49,"column":5}},"line":46},"4":{"name":"(anonymous_4)","decl":{"start":{"line":52,"column":37},"end":{"line":52,"column":38}},"loc":{"start":{"line":52,"column":51},"end":{"line":68,"column":5}},"line":52},"5":{"name":"(anonymous_5)","decl":{"start":{"line":56,"column":36},"end":{"line":56,"column":37}},"loc":{"start":{"line":56,"column":47},"end":{"line":56,"column":89}},"line":56},"6":{"name":"(anonymous_6)","decl":{"start":{"line":57,"column":20},"end":{"line":57,"column":21}},"loc":{"start":{"line":57,"column":30},"end":{"line":57,"column":35}},"line":57},"7":{"name":"(anonymous_7)","decl":{"start":{"line":71,"column":32},"end":{"line":71,"column":33}},"loc":{"start":{"line":71,"column":43},"end":{"line":80,"column":5}},"line":71},"8":{"name":"(anonymous_8)","decl":{"start":{"line":83,"column":43},"end":{"line":83,"column":44}},"loc":{"start":{"line":83,"column":57},"end":{"line":98,"column":5}},"line":83},"9":{"name":"(anonymous_9)","decl":{"start":{"line":86,"column":41},"end":{"line":86,"column":42}},"loc":{"start":{"line":86,"column":52},"end":{"line":86,"column":117}},"line":86},"10":{"name":"(anonymous_10)","decl":{"start":{"line":87,"column":44},"end":{"line":87,"column":45}},"loc":{"start":{"line":87,"column":55},"end":{"line":90,"column":9}},"line":87},"11":{"name":"(anonymous_11)","decl":{"start":{"line":91,"column":42},"end":{"line":91,"column":43}},"loc":{"start":{"line":91,"column":53},"end":{"line":91,"column":120}},"line":91},"12":{"name":"(anonymous_12)","decl":{"start":{"line":101,"column":43},"end":{"line":101,"column":44}},"loc":{"start":{"line":101,"column":57},"end":{"line":117,"column":5}},"line":101},"13":{"name":"(anonymous_13)","decl":{"start":{"line":105,"column":25},"end":{"line":105,"column":26}},"loc":{"start":{"line":105,"column":36},"end":{"line":111,"column":9}},"line":105},"14":{"name":"(anonymous_14)","decl":{"start":{"line":113,"column":44},"end":{"line":113,"column":45}},"loc":{"start":{"line":113,"column":54},"end":{"line":116,"column":9}},"line":113},"15":{"name":"(anonymous_15)","decl":{"start":{"line":120,"column":35},"end":{"line":120,"column":36}},"loc":{"start":{"line":120,"column":41},"end":{"line":137,"column":5}},"line":120},"16":{"name":"(anonymous_16)","decl":{"start":{"line":122,"column":55},"end":{"line":122,"column":56}},"loc":{"start":{"line":122,"column":66},"end":{"line":122,"column":78}},"line":122},"17":{"name":"(anonymous_17)","decl":{"start":{"line":122,"column":87},"end":{"line":122,"column":88}},"loc":{"start":{"line":122,"column":97},"end":{"line":122,"column":122}},"line":122},"18":{"name":"(anonymous_18)","decl":{"start":{"line":125,"column":25},"end":{"line":125,"column":26}},"loc":{"start":{"line":125,"column":33},"end":{"line":136,"column":9}},"line":125},"19":{"name":"(anonymous_19)","decl":{"start":{"line":126,"column":59},"end":{"line":126,"column":60}},"loc":{"start":{"line":126,"column":70},"end":{"line":126,"column":91}},"line":126},"20":{"name":"(anonymous_20)","decl":{"start":{"line":127,"column":51},"end":{"line":127,"column":52}},"loc":{"start":{"line":127,"column":69},"end":{"line":127,"column":117}},"line":127},"21":{"name":"(anonymous_21)","decl":{"start":{"line":140,"column":25},"end":{"line":140,"column":26}},"loc":{"start":{"line":140,"column":31},"end":{"line":162,"column":5}},"line":140},"22":{"name":"(anonymous_22)","decl":{"start":{"line":142,"column":19},"end":{"line":142,"column":20}},"loc":{"start":{"line":142,"column":25},"end":{"line":161,"column":9}},"line":142},"23":{"name":"(anonymous_23)","decl":{"start":{"line":147,"column":71},"end":{"line":147,"column":72}},"loc":{"start":{"line":147,"column":80},"end":{"line":150,"column":13}},"line":147},"24":{"name":"(anonymous_24)","decl":{"start":{"line":155,"column":75},"end":{"line":155,"column":76}},"loc":{"start":{"line":155,"column":84},"end":{"line":158,"column":17}},"line":155},"25":{"name":"(anonymous_25)","decl":{"start":{"line":165,"column":14},"end":{"line":165,"column":15}},"loc":{"start":{"line":165,"column":20},"end":{"line":225,"column":5}},"line":165},"26":{"name":"(anonymous_26)","decl":{"start":{"line":171,"column":35},"end":{"line":171,"column":36}},"loc":{"start":{"line":172,"column":16},"end":{"line":174,"column":62}},"line":172},"27":{"name":"(anonymous_27)","decl":{"start":{"line":179,"column":35},"end":{"line":179,"column":36}},"loc":{"start":{"line":179,"column":46},"end":{"line":179,"column":84}},"line":179},"28":{"name":"(anonymous_28)","decl":{"start":{"line":183,"column":35},"end":{"line":183,"column":36}},"loc":{"start":{"line":183,"column":46},"end":{"line":187,"column":13}},"line":183},"29":{"name":"(anonymous_29)","decl":{"start":{"line":191,"column":35},"end":{"line":191,"column":36}},"loc":{"start":{"line":191,"column":46},"end":{"line":191,"column":79}},"line":191},"30":{"name":"(anonymous_30)","decl":{"start":{"line":194,"column":31},"end":{"line":194,"column":32}},"loc":{"start":{"line":194,"column":42},"end":{"line":197,"column":9}},"line":194},"31":{"name":"(anonymous_31)","decl":{"start":{"line":201,"column":28},"end":{"line":201,"column":29}},"loc":{"start":{"line":201,"column":38},"end":{"line":206,"column":17}},"line":201},"32":{"name":"(anonymous_32)","decl":{"start":{"line":209,"column":28},"end":{"line":209,"column":29}},"loc":{"start":{"line":209,"column":38},"end":{"line":209,"column":73}},"line":209},"33":{"name":"(anonymous_33)","decl":{"start":{"line":212,"column":28},"end":{"line":212,"column":29}},"loc":{"start":{"line":212,"column":38},"end":{"line":212,"column":74}},"line":212},"34":{"name":"(anonymous_34)","decl":{"start":{"line":216,"column":28},"end":{"line":216,"column":29}},"loc":{"start":{"line":216,"column":38},"end":{"line":216,"column":73}},"line":216},"35":{"name":"(anonymous_35)","decl":{"start":{"line":228,"column":14},"end":{"line":228,"column":15}},"loc":{"start":{"line":228,"column":20},"end":{"line":245,"column":5}},"line":228},"36":{"name":"(anonymous_36)","decl":{"start":{"line":240,"column":15},"end":{"line":240,"column":16}},"loc":{"start":{"line":240,"column":21},"end":{"line":244,"column":9}},"line":240},"37":{"name":"(anonymous_37)","decl":{"start":{"line":252,"column":30},"end":{"line":252,"column":31}},"loc":{"start":{"line":252,"column":41},"end":{"line":256,"column":5}},"line":252},"38":{"name":"(anonymous_38)","decl":{"start":{"line":253,"column":26},"end":{"line":253,"column":27}},"loc":{"start":{"line":254,"column":12},"end":{"line":254,"column":85}},"line":254},"39":{"name":"(anonymous_39)","decl":{"start":{"line":254,"column":47},"end":{"line":254,"column":48}},"loc":{"start":{"line":254,"column":54},"end":{"line":254,"column":65}},"line":254},"40":{"name":"(anonymous_40)","decl":{"start":{"line":258,"column":32},"end":{"line":258,"column":33}},"loc":{"start":{"line":258,"column":45},"end":{"line":261,"column":5}},"line":258},"41":{"name":"(anonymous_41)","decl":{"start":{"line":264,"column":33},"end":{"line":264,"column":34}},"loc":{"start":{"line":264,"column":44},"end":{"line":267,"column":5}},"line":264},"42":{"name":"(anonymous_42)","decl":{"start":{"line":270,"column":33},"end":{"line":270,"column":34}},"loc":{"start":{"line":270,"column":44},"end":{"line":273,"column":5}},"line":270},"43":{"name":"(anonymous_43)","decl":{"start":{"line":276,"column":25},"end":{"line":276,"column":26}},"loc":{"start":{"line":276,"column":31},"end":{"line":278,"column":5}},"line":276},"44":{"name":"(anonymous_44)","decl":{"start":{"line":318,"column":51},"end":{"line":318,"column":52}},"loc":{"start":{"line":318,"column":72},"end":{"line":318,"column":113}},"line":318},"45":{"name":"(anonymous_45)","decl":{"start":{"line":320,"column":71},"end":{"line":320,"column":72}},"loc":{"start":{"line":321,"column":48},"end":{"line":321,"column":115}},"line":321},"46":{"name":"(anonymous_46)","decl":{"start":{"line":342,"column":71},"end":{"line":342,"column":72}},"loc":{"start":{"line":343,"column":48},"end":{"line":343,"column":115}},"line":343},"47":{"name":"(anonymous_47)","decl":{"start":{"line":359,"column":60},"end":{"line":359,"column":61}},"loc":{"start":{"line":359,"column":71},"end":{"line":359,"column":108}},"line":359},"48":{"name":"(anonymous_48)","decl":{"start":{"line":380,"column":38},"end":{"line":380,"column":39}},"loc":{"start":{"line":380,"column":45},"end":{"line":380,"column":75}},"line":380},"49":{"name":"(anonymous_49)","decl":{"start":{"line":385,"column":68},"end":{"line":385,"column":69}},"loc":{"start":{"line":385,"column":75},"end":{"line":385,"column":107}},"line":385},"50":{"name":"(anonymous_50)","decl":{"start":{"line":386,"column":52},"end":{"line":386,"column":53}},"loc":{"start":{"line":387,"column":36},"end":{"line":387,"column":88}},"line":387},"51":{"name":"(anonymous_51)","decl":{"start":{"line":395,"column":48},"end":{"line":395,"column":49}},"loc":{"start":{"line":396,"column":36},"end":{"line":404,"column":42}},"line":396},"52":{"name":"(anonymous_52)","decl":{"start":{"line":401,"column":54},"end":{"line":401,"column":55}},"loc":{"start":{"line":401,"column":60},"end":{"line":401,"column":84}},"line":401},"53":{"name":"(anonymous_53)","decl":{"start":{"line":418,"column":46},"end":{"line":418,"column":47}},"loc":{"start":{"line":418,"column":53},"end":{"line":418,"column":97}},"line":418},"54":{"name":"(anonymous_54)","decl":{"start":{"line":427,"column":46},"end":{"line":427,"column":47}},"loc":{"start":{"line":427,"column":53},"end":{"line":427,"column":97}},"line":427},"55":{"name":"(anonymous_55)","decl":{"start":{"line":435,"column":70},"end":{"line":435,"column":71}},"loc":{"start":{"line":435,"column":77},"end":{"line":435,"column":112}},"line":435},"56":{"name":"(anonymous_56)","decl":{"start":{"line":437,"column":47},"end":{"line":437,"column":48}},"loc":{"start":{"line":438,"column":36},"end":{"line":438,"column":90}},"line":438},"57":{"name":"(anonymous_57)","decl":{"start":{"line":445,"column":67},"end":{"line":445,"column":68}},"loc":{"start":{"line":445,"column":74},"end":{"line":445,"column":105}},"line":445},"58":{"name":"(anonymous_58)","decl":{"start":{"line":448,"column":64},"end":{"line":448,"column":65}},"loc":{"start":{"line":449,"column":40},"end":{"line":449,"column":88}},"line":449},"59":{"name":"(anonymous_59)","decl":{"start":{"line":476,"column":49},"end":{"line":476,"column":50}},"loc":{"start":{"line":477,"column":32},"end":{"line":492,"column":38}},"line":477},"60":{"name":"(anonymous_60)","decl":{"start":{"line":486,"column":53},"end":{"line":486,"column":54}},"loc":{"start":{"line":486,"column":59},"end":{"line":486,"column":89}},"line":486},"61":{"name":"(anonymous_61)","decl":{"start":{"line":506,"column":41},"end":{"line":506,"column":42}},"loc":{"start":{"line":506,"column":47},"end":{"line":506,"column":94}},"line":506},"62":{"name":"(anonymous_62)","decl":{"start":{"line":506,"column":62},"end":{"line":506,"column":63}},"loc":{"start":{"line":506,"column":72},"end":{"line":506,"column":93}},"line":506},"63":{"name":"(anonymous_63)","decl":{"start":{"line":512,"column":56},"end":{"line":512,"column":57}},"loc":{"start":{"line":513,"column":32},"end":{"line":519,"column":41}},"line":513},"64":{"name":"(anonymous_64)","decl":{"start":{"line":516,"column":45},"end":{"line":516,"column":46}},"loc":{"start":{"line":516,"column":51},"end":{"line":516,"column":76}},"line":516},"65":{"name":"(anonymous_65)","decl":{"start":{"line":524,"column":41},"end":{"line":524,"column":42}},"loc":{"start":{"line":524,"column":47},"end":{"line":524,"column":103}},"line":524},"66":{"name":"(anonymous_66)","decl":{"start":{"line":524,"column":62},"end":{"line":524,"column":63}},"loc":{"start":{"line":524,"column":72},"end":{"line":524,"column":102}},"line":524}},"branchMap":{"0":{"loc":{"start":{"line":35,"column":12},"end":{"line":37,"column":13}},"type":"if","locations":[{"start":{"line":35,"column":12},"end":{"line":37,"column":13}},{"start":{},"end":{}}],"line":35},"1":{"loc":{"start":{"line":53,"column":8},"end":{"line":53,"column":73}},"type":"if","locations":[{"start":{"line":53,"column":8},"end":{"line":53,"column":73}},{"start":{},"end":{}}],"line":53},"2":{"loc":{"start":{"line":73,"column":8},"end":{"line":79,"column":9}},"type":"if","locations":[{"start":{"line":73,"column":8},"end":{"line":79,"column":9}},{"start":{"line":75,"column":15},"end":{"line":79,"column":9}}],"line":73},"3":{"loc":{"start":{"line":75,"column":15},"end":{"line":79,"column":9}},"type":"if","locations":[{"start":{"line":75,"column":15},"end":{"line":79,"column":9}},{"start":{"line":77,"column":15},"end":{"line":79,"column":9}}],"line":75},"4":{"loc":{"start":{"line":84,"column":8},"end":{"line":84,"column":45}},"type":"if","locations":[{"start":{"line":84,"column":8},"end":{"line":84,"column":45}},{"start":{},"end":{}}],"line":84},"5":{"loc":{"start":{"line":89,"column":19},"end":{"line":89,"column":81}},"type":"binary-expr","locations":[{"start":{"line":89,"column":19},"end":{"line":89,"column":46}},{"start":{"line":89,"column":50},"end":{"line":89,"column":81}}],"line":89},"6":{"loc":{"start":{"line":102,"column":8},"end":{"line":102,"column":45}},"type":"if","locations":[{"start":{"line":102,"column":8},"end":{"line":102,"column":45}},{"start":{},"end":{}}],"line":102},"7":{"loc":{"start":{"line":106,"column":12},"end":{"line":110,"column":13}},"type":"if","locations":[{"start":{"line":106,"column":12},"end":{"line":110,"column":13}},{"start":{"line":108,"column":19},"end":{"line":110,"column":13}}],"line":106},"8":{"loc":{"start":{"line":154,"column":12},"end":{"line":160,"column":13}},"type":"if","locations":[{"start":{"line":154,"column":12},"end":{"line":160,"column":13}},{"start":{},"end":{}}],"line":154},"9":{"loc":{"start":{"line":169,"column":8},"end":{"line":176,"column":9}},"type":"if","locations":[{"start":{"line":169,"column":8},"end":{"line":176,"column":9}},{"start":{},"end":{}}],"line":169},"10":{"loc":{"start":{"line":172,"column":16},"end":{"line":174,"column":62}},"type":"binary-expr","locations":[{"start":{"line":172,"column":16},"end":{"line":172,"column":58}},{"start":{"line":173,"column":16},"end":{"line":173,"column":59}},{"start":{"line":174,"column":16},"end":{"line":174,"column":62}}],"line":172},"11":{"loc":{"start":{"line":178,"column":8},"end":{"line":180,"column":9}},"type":"if","locations":[{"start":{"line":178,"column":8},"end":{"line":180,"column":9}},{"start":{},"end":{}}],"line":178},"12":{"loc":{"start":{"line":182,"column":8},"end":{"line":188,"column":9}},"type":"if","locations":[{"start":{"line":182,"column":8},"end":{"line":188,"column":9}},{"start":{},"end":{}}],"line":182},"13":{"loc":{"start":{"line":190,"column":8},"end":{"line":192,"column":9}},"type":"if","locations":[{"start":{"line":190,"column":8},"end":{"line":192,"column":9}},{"start":{},"end":{}}],"line":190},"14":{"loc":{"start":{"line":196,"column":19},"end":{"line":196,"column":71}},"type":"binary-expr","locations":[{"start":{"line":196,"column":19},"end":{"line":196,"column":43}},{"start":{"line":196,"column":47},"end":{"line":196,"column":71}}],"line":196},"15":{"loc":{"start":{"line":199,"column":8},"end":{"line":217,"column":9}},"type":"switch","locations":[{"start":{"line":200,"column":12},"end":{"line":207,"column":22}},{"start":{"line":208,"column":12},"end":{"line":210,"column":22}},{"start":{"line":211,"column":12},"end":{"line":213,"column":22}},{"start":{"line":214,"column":12},"end":{"line":216,"column":75}}],"line":199},"16":{"loc":{"start":{"line":235,"column":8},"end":{"line":237,"column":9}},"type":"if","locations":[{"start":{"line":235,"column":8},"end":{"line":237,"column":9}},{"start":{},"end":{}}],"line":235},"17":{"loc":{"start":{"line":241,"column":12},"end":{"line":243,"column":13}},"type":"if","locations":[{"start":{"line":241,"column":12},"end":{"line":243,"column":13}},{"start":{},"end":{}}],"line":241},"18":{"loc":{"start":{"line":254,"column":12},"end":{"line":254,"column":85}},"type":"cond-expr","locations":[{"start":{"line":254,"column":35},"end":{"line":254,"column":66}},{"start":{"line":254,"column":69},"end":{"line":254,"column":85}}],"line":254},"19":{"loc":{"start":{"line":295,"column":58},"end":{"line":295,"column":84}},"type":"cond-expr","locations":[{"start":{"line":295,"column":71},"end":{"line":295,"column":79}},{"start":{"line":295,"column":82},"end":{"line":295,"column":84}}],"line":295},"20":{"loc":{"start":{"line":298,"column":25},"end":{"line":298,"column":73}},"type":"cond-expr","locations":[{"start":{"line":298,"column":38},"end":{"line":298,"column":54}},{"start":{"line":298,"column":57},"end":{"line":298,"column":73}}],"line":298},"21":{"loc":{"start":{"line":302,"column":17},"end":{"line":371,"column":17}},"type":"binary-expr","locations":[{"start":{"line":302,"column":17},"end":{"line":302,"column":27}},{"start":{"line":303,"column":20},"end":{"line":370,"column":26}}],"line":302},"22":{"loc":{"start":{"line":447,"column":33},"end":{"line":450,"column":38}},"type":"binary-expr","locations":[{"start":{"line":447,"column":33},"end":{"line":447,"column":48}},{"start":{"line":448,"column":36},"end":{"line":450,"column":38}}],"line":447},"23":{"loc":{"start":{"line":475,"column":25},"end":{"line":501,"column":25}},"type":"cond-expr","locations":[{"start":{"line":476,"column":28},"end":{"line":493,"column":30}},{"start":{"line":495,"column":28},"end":{"line":500,"column":34}}],"line":475},"24":{"loc":{"start":{"line":515,"column":62},"end":{"line":515,"column":103}},"type":"cond-expr","locations":[{"start":{"line":515,"column":90},"end":{"line":515,"column":98}},{"start":{"line":515,"column":101},"end":{"line":515,"column":103}}],"line":515}},"s":{"0":2,"1":43,"2":43,"3":43,"4":43,"5":43,"6":43,"7":43,"8":43,"9":43,"10":43,"11":43,"12":43,"13":43,"14":43,"15":43,"16":43,"17":43,"18":43,"19":43,"20":6,"21":8,"22":6,"23":0,"24":43,"25":1,"26":43,"27":1,"28":1,"29":43,"30":14,"31":0,"32":14,"33":35,"34":14,"35":25,"36":14,"37":14,"38":14,"39":43,"40":114,"41":114,"42":61,"43":53,"44":29,"45":24,"46":43,"47":22,"48":0,"49":22,"50":59,"51":22,"52":59,"53":59,"54":22,"55":59,"56":22,"57":43,"58":22,"59":0,"60":22,"61":22,"62":59,"63":0,"64":59,"65":22,"66":59,"67":43,"68":22,"69":59,"70":53,"71":22,"72":59,"73":169,"74":59,"75":59,"76":59,"77":59,"78":43,"79":0,"80":0,"81":0,"82":0,"83":0,"84":0,"85":0,"86":0,"87":0,"88":43,"89":14,"90":14,"91":1,"92":1,"93":3,"94":14,"95":1,"96":3,"97":14,"98":2,"99":6,"100":6,"101":6,"102":14,"103":1,"104":2,"105":14,"106":35,"107":35,"108":14,"109":12,"110":33,"111":33,"112":33,"113":12,"114":1,"115":2,"116":1,"117":1,"118":2,"119":1,"120":0,"121":0,"122":14,"123":14,"124":14,"125":14,"126":43,"127":22,"128":22,"129":22,"130":22,"131":0,"132":22,"133":22,"134":0,"135":43,"136":43,"137":43,"138":43,"139":1,"140":1,"141":0,"142":43,"143":1,"144":1,"145":43,"146":0,"147":0,"148":43,"149":0,"150":0,"151":43,"152":0,"153":43,"154":0,"155":0,"156":0,"157":0,"158":1,"159":3,"160":129,"161":129,"162":1,"163":0,"164":0,"165":1,"166":86,"167":1,"168":12,"169":114,"170":1,"171":0,"172":0,"173":43,"174":0,"175":0,"176":0},"f":{"0":43,"1":6,"2":1,"3":1,"4":14,"5":35,"6":25,"7":114,"8":22,"9":59,"10":59,"11":59,"12":22,"13":59,"14":59,"15":22,"16":59,"17":53,"18":59,"19":169,"20":59,"21":0,"22":0,"23":0,"24":0,"25":14,"26":3,"27":3,"28":6,"29":2,"30":35,"31":33,"32":2,"33":2,"34":0,"35":22,"36":22,"37":1,"38":1,"39":0,"40":1,"41":0,"42":0,"43":0,"44":0,"45":0,"46":0,"47":0,"48":1,"49":3,"50":129,"51":129,"52":1,"53":0,"54":0,"55":1,"56":86,"57":1,"58":12,"59":114,"60":1,"61":0,"62":0,"63":43,"64":0,"65":0,"66":0},"b":{"0":[6,2],"1":[0,14],"2":[61,53],"3":[29,24],"4":[0,22],"5":[59,35],"6":[0,22],"7":[0,59],"8":[0,0],"9":[1,13],"10":[3,2,2],"11":[1,13],"12":[2,12],"13":[1,13],"14":[35,35],"15":[12,1,1,0],"16":[0,22],"17":[0,22],"18":[0,1],"19":[0,43],"20":[0,43],"21":[43,0],"22":[43,6],"23":[43,0],"24":[43,0]},"_coverageSchema":"1a1c01bbd47fc00a2c39e90264f33305004495a9","hash":"eecfbb3d850070151825ea2bebaa9de25c0a500e"}
}
