TN:
SF:src\In_memory_storage\Concerts.js
FNF:0
FNH:0
DA:3,1
LF:1
LH:1
BRF:0
BRH:0
end_of_record
TN:
SF:src\pages\AdminPage.jsx
FN:6,AdminPage
FN:32,(anonymous_1)
FN:49,(anonymous_2)
FN:96,(anonymous_3)
FN:102,(anonymous_4)
FN:113,(anonymous_5)
FN:136,(anonymous_6)
FN:143,(anonymous_7)
FN:154,(anonymous_8)
FN:171,(anonymous_9)
FN:186,(anonymous_10)
FN:188,(anonymous_11)
FN:196,(anonymous_12)
FN:204,(anonymous_13)
FN:357,(anonymous_14)
FN:361,(anonymous_15)
FNF:16
FNH:12
FNDA:30,AdminPage
FNDA:19,(anonymous_1)
FNDA:4,(anonymous_2)
FNDA:4,(anonymous_3)
FNDA:13,(anonymous_4)
FNDA:36,(anonymous_5)
FNDA:0,(anonymous_6)
FNDA:2,(anonymous_7)
FNDA:1,(anonymous_8)
FNDA:0,(anonymous_9)
FNDA:1,(anonymous_10)
FNDA:13,(anonymous_11)
FNDA:0,(anonymous_12)
FNDA:0,(anonymous_13)
FNDA:368,(anonymous_14)
FNDA:2,(anonymous_15)
DA:7,30
DA:10,30
DA:20,30
DA:23,30
DA:26,30
DA:29,30
DA:32,30
DA:33,19
DA:34,19
DA:40,19
DA:41,0
DA:49,30
DA:50,4
DA:53,4
DA:54,0
DA:55,4
DA:56,0
DA:60,4
DA:61,0
DA:65,4
DA:66,0
DA:70,4
DA:71,0
DA:72,4
DA:73,0
DA:77,4
DA:78,4
DA:79,4
DA:80,4
DA:81,0
DA:82,4
DA:83,0
DA:87,4
DA:88,0
DA:91,4
DA:92,4
DA:96,30
DA:97,4
DA:99,4
DA:100,4
DA:102,13
DA:103,1
DA:104,1
DA:108,1
DA:110,1
DA:113,36
DA:114,3
DA:118,3
DA:119,3
DA:123,4
DA:133,4
DA:136,4
DA:137,0
DA:143,30
DA:144,2
DA:146,0
DA:149,2
DA:154,30
DA:155,1
DA:156,1
DA:164,1
DA:166,1
DA:171,30
DA:172,0
DA:180,0
DA:181,0
DA:182,0
DA:186,30
DA:187,1
DA:188,13
DA:189,1
DA:190,1
DA:191,1
DA:192,1
DA:193,1
DA:196,1
DA:197,0
DA:204,30
DA:205,0
DA:208,30
DA:358,368
DA:361,2
LF:82
LH:64
BRDA:40,0,0,0
BRDA:40,0,1,19
BRDA:53,1,0,0
BRDA:53,1,1,4
BRDA:55,2,0,0
BRDA:55,2,1,4
BRDA:60,3,0,0
BRDA:60,3,1,4
BRDA:65,4,0,0
BRDA:65,4,1,4
BRDA:70,5,0,0
BRDA:70,5,1,4
BRDA:72,6,0,0
BRDA:72,6,1,4
BRDA:80,7,0,0
BRDA:80,7,1,4
BRDA:82,8,0,0
BRDA:82,8,1,4
BRDA:87,9,0,0
BRDA:87,9,1,4
BRDA:99,10,0,4
BRDA:99,10,1,0
BRDA:100,11,0,1
BRDA:100,11,1,3
BRDA:100,12,0,4
BRDA:100,12,1,1
BRDA:103,13,0,1
BRDA:103,13,1,0
BRDA:144,14,0,0
BRDA:144,14,1,2
BRDA:144,15,0,2
BRDA:144,15,1,0
BRDA:155,16,0,1
BRDA:155,16,1,0
BRDA:187,17,0,1
BRDA:187,17,1,0
BRDA:189,18,0,1
BRDA:189,18,1,0
BRDA:217,19,0,2
BRDA:217,19,1,28
BRDA:219,20,0,30
BRDA:219,20,1,9
BRDA:232,21,0,0
BRDA:232,21,1,30
BRDA:235,22,0,30
BRDA:235,22,1,0
BRDA:245,23,0,0
BRDA:245,23,1,30
BRDA:254,24,0,30
BRDA:254,24,1,0
BRDA:266,25,0,0
BRDA:266,25,1,30
BRDA:269,26,0,30
BRDA:269,26,1,0
BRDA:280,27,0,0
BRDA:280,27,1,30
BRDA:283,28,0,30
BRDA:283,28,1,0
BRDA:294,29,0,0
BRDA:294,29,1,30
BRDA:297,30,0,30
BRDA:297,30,1,0
BRDA:309,31,0,0
BRDA:309,31,1,30
BRDA:312,32,0,30
BRDA:312,32,1,0
BRDA:318,33,0,2
BRDA:318,33,1,28
BRDA:319,34,0,2
BRDA:319,34,1,28
BRDA:321,35,0,30
BRDA:321,35,1,2
BRDA:337,36,0,30
BRDA:337,36,1,30
BRDA:342,37,0,26
BRDA:342,37,1,4
BRDA:349,38,0,26
BRDA:349,38,1,4
BRDA:360,39,0,4
BRDA:360,39,1,364
BRDA:360,40,0,368
BRDA:360,40,1,52
BRF:82
BRH:53
end_of_record
TN:
SF:src\pages\Events.jsx
FN:8,(anonymous_0)
FN:33,(anonymous_1)
FN:42,(anonymous_2)
FN:46,(anonymous_3)
FN:52,(anonymous_4)
FN:56,(anonymous_5)
FN:57,(anonymous_6)
FN:71,(anonymous_7)
FN:83,(anonymous_8)
FN:86,(anonymous_9)
FN:87,(anonymous_10)
FN:91,(anonymous_11)
FN:101,(anonymous_12)
FN:105,(anonymous_13)
FN:113,(anonymous_14)
FN:120,(anonymous_15)
FN:122,(anonymous_16)
FN:122,(anonymous_17)
FN:125,(anonymous_18)
FN:126,(anonymous_19)
FN:127,(anonymous_20)
FN:140,(anonymous_21)
FN:142,(anonymous_22)
FN:147,(anonymous_23)
FN:155,(anonymous_24)
FN:165,(anonymous_25)
FN:171,(anonymous_26)
FN:179,(anonymous_27)
FN:183,(anonymous_28)
FN:191,(anonymous_29)
FN:194,(anonymous_30)
FN:201,(anonymous_31)
FN:209,(anonymous_32)
FN:212,(anonymous_33)
FN:216,(anonymous_34)
FN:228,(anonymous_35)
FN:240,(anonymous_36)
FN:252,(anonymous_37)
FN:253,(anonymous_38)
FN:254,(anonymous_39)
FN:258,(anonymous_40)
FN:264,(anonymous_41)
FN:270,(anonymous_42)
FN:276,(anonymous_43)
FN:318,(anonymous_44)
FN:320,(anonymous_45)
FN:342,(anonymous_46)
FN:359,(anonymous_47)
FN:380,(anonymous_48)
FN:385,(anonymous_49)
FN:386,(anonymous_50)
FN:395,(anonymous_51)
FN:401,(anonymous_52)
FN:418,(anonymous_53)
FN:427,(anonymous_54)
FN:435,(anonymous_55)
FN:437,(anonymous_56)
FN:445,(anonymous_57)
FN:448,(anonymous_58)
FN:476,(anonymous_59)
FN:486,(anonymous_60)
FN:506,(anonymous_61)
FN:506,(anonymous_62)
FN:512,(anonymous_63)
FN:516,(anonymous_64)
FN:524,(anonymous_65)
FN:524,(anonymous_66)
FNF:67
FNH:47
FNDA:43,(anonymous_0)
FNDA:6,(anonymous_1)
FNDA:1,(anonymous_2)
FNDA:1,(anonymous_3)
FNDA:14,(anonymous_4)
FNDA:35,(anonymous_5)
FNDA:25,(anonymous_6)
FNDA:114,(anonymous_7)
FNDA:22,(anonymous_8)
FNDA:59,(anonymous_9)
FNDA:59,(anonymous_10)
FNDA:59,(anonymous_11)
FNDA:22,(anonymous_12)
FNDA:59,(anonymous_13)
FNDA:59,(anonymous_14)
FNDA:22,(anonymous_15)
FNDA:59,(anonymous_16)
FNDA:53,(anonymous_17)
FNDA:59,(anonymous_18)
FNDA:169,(anonymous_19)
FNDA:59,(anonymous_20)
FNDA:0,(anonymous_21)
FNDA:0,(anonymous_22)
FNDA:0,(anonymous_23)
FNDA:0,(anonymous_24)
FNDA:14,(anonymous_25)
FNDA:3,(anonymous_26)
FNDA:3,(anonymous_27)
FNDA:6,(anonymous_28)
FNDA:2,(anonymous_29)
FNDA:35,(anonymous_30)
FNDA:33,(anonymous_31)
FNDA:2,(anonymous_32)
FNDA:2,(anonymous_33)
FNDA:0,(anonymous_34)
FNDA:22,(anonymous_35)
FNDA:22,(anonymous_36)
FNDA:1,(anonymous_37)
FNDA:1,(anonymous_38)
FNDA:0,(anonymous_39)
FNDA:1,(anonymous_40)
FNDA:0,(anonymous_41)
FNDA:0,(anonymous_42)
FNDA:0,(anonymous_43)
FNDA:0,(anonymous_44)
FNDA:0,(anonymous_45)
FNDA:0,(anonymous_46)
FNDA:0,(anonymous_47)
FNDA:1,(anonymous_48)
FNDA:3,(anonymous_49)
FNDA:129,(anonymous_50)
FNDA:129,(anonymous_51)
FNDA:1,(anonymous_52)
FNDA:0,(anonymous_53)
FNDA:0,(anonymous_54)
FNDA:1,(anonymous_55)
FNDA:86,(anonymous_56)
FNDA:1,(anonymous_57)
FNDA:12,(anonymous_58)
FNDA:114,(anonymous_59)
FNDA:1,(anonymous_60)
FNDA:0,(anonymous_61)
FNDA:0,(anonymous_62)
FNDA:43,(anonymous_63)
FNDA:0,(anonymous_64)
FNDA:0,(anonymous_65)
FNDA:0,(anonymous_66)
DA:8,2
DA:9,43
DA:10,43
DA:11,43
DA:12,43
DA:13,43
DA:14,43
DA:15,43
DA:16,43
DA:17,43
DA:18,43
DA:19,43
DA:20,43
DA:21,43
DA:24,43
DA:25,43
DA:26,43
DA:29,43
DA:30,43
DA:33,43
DA:34,6
DA:35,8
DA:36,6
DA:39,0
DA:42,43
DA:43,1
DA:46,43
DA:47,1
DA:48,1
DA:52,43
DA:53,14
DA:56,35
DA:57,25
DA:60,14
DA:61,14
DA:63,14
DA:71,43
DA:72,114
DA:73,114
DA:74,61
DA:75,53
DA:76,29
DA:78,24
DA:83,43
DA:84,22
DA:86,59
DA:87,22
DA:88,59
DA:89,59
DA:91,59
DA:93,22
DA:101,43
DA:102,22
DA:104,22
DA:105,22
DA:106,59
DA:107,0
DA:109,59
DA:113,59
DA:120,43
DA:122,59
DA:125,22
DA:126,169
DA:127,59
DA:130,59
DA:132,59
DA:140,43
DA:142,0
DA:144,0
DA:147,0
DA:151,0
DA:154,0
DA:155,0
DA:159,0
DA:165,43
DA:166,14
DA:169,14
DA:170,1
DA:171,1
DA:172,3
DA:178,14
DA:179,3
DA:182,14
DA:183,2
DA:184,6
DA:185,6
DA:186,6
DA:190,14
DA:191,2
DA:194,14
DA:195,35
DA:196,35
DA:199,14
DA:201,12
DA:203,33
DA:204,33
DA:205,33
DA:207,12
DA:209,2
DA:210,1
DA:212,2
DA:213,1
DA:216,0
DA:220,14
DA:221,14
DA:223,14
DA:224,14
DA:228,43
DA:230,22
DA:231,22
DA:232,22
DA:235,22
DA:236,0
DA:240,22
DA:241,22
DA:242,0
DA:248,43
DA:249,43
DA:250,43
DA:252,43
DA:253,1
DA:254,1
DA:258,43
DA:259,1
DA:260,1
DA:264,43
DA:265,0
DA:266,0
DA:270,43
DA:271,0
DA:272,0
DA:276,43
DA:277,0
DA:280,43
DA:318,0
DA:321,0
DA:343,0
DA:359,0
DA:380,1
DA:385,3
DA:387,129
DA:396,129
DA:401,1
DA:418,0
DA:427,0
DA:435,1
DA:438,86
DA:445,1
DA:449,12
DA:477,114
DA:486,1
DA:506,0
DA:513,43
DA:516,0
DA:524,0
LF:155
LH:129
BRDA:35,0,0,6
BRDA:35,0,1,2
BRDA:53,1,0,0
BRDA:53,1,1,14
BRDA:73,2,0,61
BRDA:73,2,1,53
BRDA:75,3,0,29
BRDA:75,3,1,24
BRDA:84,4,0,0
BRDA:84,4,1,22
BRDA:89,5,0,59
BRDA:89,5,1,35
BRDA:102,6,0,0
BRDA:102,6,1,22
BRDA:106,7,0,0
BRDA:106,7,1,59
BRDA:154,8,0,0
BRDA:154,8,1,0
BRDA:169,9,0,1
BRDA:169,9,1,13
BRDA:172,10,0,3
BRDA:172,10,1,2
BRDA:172,10,2,2
BRDA:178,11,0,1
BRDA:178,11,1,13
BRDA:182,12,0,2
BRDA:182,12,1,12
BRDA:190,13,0,1
BRDA:190,13,1,13
BRDA:196,14,0,35
BRDA:196,14,1,35
BRDA:199,15,0,12
BRDA:199,15,1,1
BRDA:199,15,2,1
BRDA:199,15,3,0
BRDA:235,16,0,0
BRDA:235,16,1,22
BRDA:241,17,0,0
BRDA:241,17,1,22
BRDA:254,18,0,0
BRDA:254,18,1,1
BRDA:295,19,0,0
BRDA:295,19,1,43
BRDA:298,20,0,0
BRDA:298,20,1,43
BRDA:302,21,0,43
BRDA:302,21,1,0
BRDA:447,22,0,43
BRDA:447,22,1,6
BRDA:475,23,0,43
BRDA:475,23,1,0
BRDA:515,24,0,43
BRDA:515,24,1,0
BRF:53
BRH:38
end_of_record
