TN:
SF:src\In_memory_storage\Concerts.js
FNF:0
FNH:0
DA:3,1
LF:1
LH:1
BRF:0
BRH:0
end_of_record
TN:
SF:src\pages\AdminPage.jsx
FN:6,AdminPage
FN:32,(anonymous_1)
FN:49,(anonymous_2)
FN:96,(anonymous_3)
FN:102,(anonymous_4)
FN:113,(anonymous_5)
FN:136,(anonymous_6)
FN:143,(anonymous_7)
FN:154,(anonymous_8)
FN:171,(anonymous_9)
FN:186,(anonymous_10)
FN:188,(anonymous_11)
FN:196,(anonymous_12)
FN:204,(anonymous_13)
FN:357,(anonymous_14)
FN:361,(anonymous_15)
FNF:16
FNH:12
FNDA:30,AdminPage
FNDA:19,(anonymous_1)
FNDA:4,(anonymous_2)
FNDA:4,(anonymous_3)
FNDA:13,(anonymous_4)
FNDA:36,(anonymous_5)
FNDA:0,(anonymous_6)
FNDA:2,(anonymous_7)
FNDA:1,(anonymous_8)
FNDA:0,(anonymous_9)
FNDA:1,(anonymous_10)
FNDA:13,(anonymous_11)
FNDA:0,(anonymous_12)
FNDA:0,(anonymous_13)
FNDA:368,(anonymous_14)
FNDA:2,(anonymous_15)
DA:7,30
DA:10,30
DA:20,30
DA:23,30
DA:26,30
DA:29,30
DA:32,30
DA:33,19
DA:34,19
DA:40,19
DA:41,0
DA:49,30
DA:50,4
DA:53,4
DA:54,0
DA:55,4
DA:56,0
DA:60,4
DA:61,0
DA:65,4
DA:66,0
DA:70,4
DA:71,0
DA:72,4
DA:73,0
DA:77,4
DA:78,4
DA:79,4
DA:80,4
DA:81,0
DA:82,4
DA:83,0
DA:87,4
DA:88,0
DA:91,4
DA:92,4
DA:96,30
DA:97,4
DA:99,4
DA:100,4
DA:102,13
DA:103,1
DA:104,1
DA:108,1
DA:110,1
DA:113,36
DA:114,3
DA:118,3
DA:119,3
DA:123,4
DA:133,4
DA:136,4
DA:137,0
DA:143,30
DA:144,2
DA:146,0
DA:149,2
DA:154,30
DA:155,1
DA:156,1
DA:164,1
DA:166,1
DA:171,30
DA:172,0
DA:180,0
DA:181,0
DA:182,0
DA:186,30
DA:187,1
DA:188,13
DA:189,1
DA:190,1
DA:191,1
DA:192,1
DA:193,1
DA:196,1
DA:197,0
DA:204,30
DA:205,0
DA:208,30
DA:358,368
DA:361,2
LF:82
LH:64
BRDA:40,0,0,0
BRDA:40,0,1,19
BRDA:53,1,0,0
BRDA:53,1,1,4
BRDA:55,2,0,0
BRDA:55,2,1,4
BRDA:60,3,0,0
BRDA:60,3,1,4
BRDA:65,4,0,0
BRDA:65,4,1,4
BRDA:70,5,0,0
BRDA:70,5,1,4
BRDA:72,6,0,0
BRDA:72,6,1,4
BRDA:80,7,0,0
BRDA:80,7,1,4
BRDA:82,8,0,0
BRDA:82,8,1,4
BRDA:87,9,0,0
BRDA:87,9,1,4
BRDA:99,10,0,4
BRDA:99,10,1,0
BRDA:100,11,0,1
BRDA:100,11,1,3
BRDA:100,12,0,4
BRDA:100,12,1,1
BRDA:103,13,0,1
BRDA:103,13,1,0
BRDA:144,14,0,0
BRDA:144,14,1,2
BRDA:144,15,0,2
BRDA:144,15,1,0
BRDA:155,16,0,1
BRDA:155,16,1,0
BRDA:187,17,0,1
BRDA:187,17,1,0
BRDA:189,18,0,1
BRDA:189,18,1,0
BRDA:217,19,0,2
BRDA:217,19,1,28
BRDA:219,20,0,30
BRDA:219,20,1,9
BRDA:232,21,0,0
BRDA:232,21,1,30
BRDA:235,22,0,30
BRDA:235,22,1,0
BRDA:245,23,0,0
BRDA:245,23,1,30
BRDA:254,24,0,30
BRDA:254,24,1,0
BRDA:266,25,0,0
BRDA:266,25,1,30
BRDA:269,26,0,30
BRDA:269,26,1,0
BRDA:280,27,0,0
BRDA:280,27,1,30
BRDA:283,28,0,30
BRDA:283,28,1,0
BRDA:294,29,0,0
BRDA:294,29,1,30
BRDA:297,30,0,30
BRDA:297,30,1,0
BRDA:309,31,0,0
BRDA:309,31,1,30
BRDA:312,32,0,30
BRDA:312,32,1,0
BRDA:318,33,0,2
BRDA:318,33,1,28
BRDA:319,34,0,2
BRDA:319,34,1,28
BRDA:321,35,0,30
BRDA:321,35,1,2
BRDA:337,36,0,30
BRDA:337,36,1,30
BRDA:342,37,0,26
BRDA:342,37,1,4
BRDA:349,38,0,26
BRDA:349,38,1,4
BRDA:360,39,0,4
BRDA:360,39,1,364
BRDA:360,40,0,368
BRDA:360,40,1,52
BRF:82
BRH:53
end_of_record
TN:
SF:src\pages\Events.jsx
FN:8,(anonymous_0)
FN:35,(anonymous_1)
FN:44,(anonymous_2)
FN:48,(anonymous_3)
FN:54,(anonymous_4)
FN:58,(anonymous_5)
FN:59,(anonymous_6)
FN:73,(anonymous_7)
FN:85,(anonymous_8)
FN:88,(anonymous_9)
FN:89,(anonymous_10)
FN:93,(anonymous_11)
FN:103,(anonymous_12)
FN:107,(anonymous_13)
FN:115,(anonymous_14)
FN:122,(anonymous_15)
FN:127,(anonymous_16)
FN:136,(anonymous_17)
FN:137,(anonymous_18)
FN:140,(anonymous_19)
FN:152,(anonymous_20)
FN:171,(anonymous_21)
FN:175,(anonymous_22)
FN:178,(anonymous_23)
FN:178,(anonymous_24)
FN:183,(anonymous_25)
FN:186,(anonymous_26)
FN:187,(anonymous_27)
FN:197,(anonymous_28)
FN:215,(anonymous_29)
FN:222,(anonymous_30)
FN:226,(anonymous_31)
FN:232,(anonymous_32)
FN:240,(anonymous_33)
FN:244,(anonymous_34)
FN:252,(anonymous_35)
FN:255,(anonymous_36)
FN:262,(anonymous_37)
FN:270,(anonymous_38)
FN:273,(anonymous_39)
FN:277,(anonymous_40)
FN:288,(anonymous_41)
FN:300,(anonymous_42)
FN:312,(anonymous_43)
FN:313,(anonymous_44)
FN:314,(anonymous_45)
FN:318,(anonymous_46)
FN:324,(anonymous_47)
FN:330,(anonymous_48)
FN:336,(anonymous_49)
FN:379,(anonymous_50)
FN:381,(anonymous_51)
FN:403,(anonymous_52)
FN:420,(anonymous_53)
FN:441,(anonymous_54)
FN:446,(anonymous_55)
FN:447,(anonymous_56)
FN:456,(anonymous_57)
FN:462,(anonymous_58)
FN:479,(anonymous_59)
FN:488,(anonymous_60)
FN:496,(anonymous_61)
FN:498,(anonymous_62)
FN:506,(anonymous_63)
FN:509,(anonymous_64)
FN:537,(anonymous_65)
FN:547,(anonymous_66)
FN:575,(anonymous_67)
FN:579,(anonymous_68)
FN:591,(anonymous_69)
FN:591,(anonymous_70)
FN:597,(anonymous_71)
FN:601,(anonymous_72)
FN:609,(anonymous_73)
FN:609,(anonymous_74)
FNF:75
FNH:54
FNDA:76,(anonymous_0)
FNDA:9,(anonymous_1)
FNDA:1,(anonymous_2)
FNDA:1,(anonymous_3)
FNDA:23,(anonymous_4)
FNDA:55,(anonymous_5)
FNDA:37,(anonymous_6)
FNDA:198,(anonymous_7)
FNDA:36,(anonymous_8)
FNDA:94,(anonymous_9)
FNDA:94,(anonymous_10)
FNDA:94,(anonymous_11)
FNDA:36,(anonymous_12)
FNDA:94,(anonymous_13)
FNDA:94,(anonymous_14)
FNDA:36,(anonymous_15)
FNDA:94,(anonymous_16)
FNDA:85,(anonymous_17)
FNDA:94,(anonymous_18)
FNDA:94,(anonymous_19)
FNDA:0,(anonymous_20)
FNDA:0,(anonymous_21)
FNDA:0,(anonymous_22)
FNDA:0,(anonymous_23)
FNDA:0,(anonymous_24)
FNDA:0,(anonymous_25)
FNDA:0,(anonymous_26)
FNDA:0,(anonymous_27)
FNDA:0,(anonymous_28)
FNDA:2,(anonymous_29)
FNDA:4,(anonymous_30)
FNDA:23,(anonymous_31)
FNDA:6,(anonymous_32)
FNDA:3,(anonymous_33)
FNDA:9,(anonymous_34)
FNDA:2,(anonymous_35)
FNDA:58,(anonymous_36)
FNDA:55,(anonymous_37)
FNDA:2,(anonymous_38)
FNDA:2,(anonymous_39)
FNDA:0,(anonymous_40)
FNDA:36,(anonymous_41)
FNDA:36,(anonymous_42)
FNDA:1,(anonymous_43)
FNDA:1,(anonymous_44)
FNDA:0,(anonymous_45)
FNDA:2,(anonymous_46)
FNDA:1,(anonymous_47)
FNDA:1,(anonymous_48)
FNDA:0,(anonymous_49)
FNDA:0,(anonymous_50)
FNDA:0,(anonymous_51)
FNDA:0,(anonymous_52)
FNDA:0,(anonymous_53)
FNDA:2,(anonymous_54)
FNDA:3,(anonymous_55)
FNDA:228,(anonymous_56)
FNDA:228,(anonymous_57)
FNDA:1,(anonymous_58)
FNDA:1,(anonymous_59)
FNDA:1,(anonymous_60)
FNDA:2,(anonymous_61)
FNDA:152,(anonymous_62)
FNDA:1,(anonymous_63)
FNDA:18,(anonymous_64)
FNDA:198,(anonymous_65)
FNDA:1,(anonymous_66)
FNDA:15,(anonymous_67)
FNDA:2,(anonymous_68)
FNDA:0,(anonymous_69)
FNDA:0,(anonymous_70)
FNDA:74,(anonymous_71)
FNDA:0,(anonymous_72)
FNDA:0,(anonymous_73)
FNDA:0,(anonymous_74)
DA:8,2
DA:9,76
DA:10,76
DA:11,76
DA:12,76
DA:13,76
DA:14,76
DA:15,76
DA:16,76
DA:17,76
DA:18,76
DA:19,76
DA:20,76
DA:21,76
DA:22,76
DA:23,76
DA:25,76
DA:27,76
DA:28,76
DA:29,76
DA:31,76
DA:32,76
DA:35,76
DA:36,9
DA:37,12
DA:38,9
DA:41,0
DA:44,76
DA:45,1
DA:48,76
DA:49,1
DA:50,1
DA:54,76
DA:55,23
DA:58,55
DA:59,37
DA:62,22
DA:63,22
DA:65,22
DA:73,76
DA:74,198
DA:75,198
DA:76,106
DA:77,92
DA:78,53
DA:80,39
DA:85,76
DA:86,36
DA:88,94
DA:89,35
DA:90,94
DA:91,94
DA:93,94
DA:95,35
DA:103,76
DA:104,36
DA:106,35
DA:107,35
DA:108,94
DA:109,0
DA:111,94
DA:115,94
DA:122,76
DA:123,36
DA:126,35
DA:127,35
DA:128,94
DA:129,94
DA:131,94
DA:135,35
DA:136,85
DA:138,94
DA:139,94
DA:140,94
DA:144,94
DA:152,76
DA:154,0
DA:155,0
DA:156,0
DA:161,0
DA:171,0
DA:175,76
DA:176,0
DA:177,0
DA:178,0
DA:183,76
DA:184,0
DA:185,0
DA:186,0
DA:187,0
DA:188,0
DA:197,76
DA:198,0
DA:199,0
DA:201,0
DA:202,0
DA:204,0
DA:205,0
DA:207,0
DA:208,0
DA:210,0
DA:215,76
DA:216,2
DA:217,2
DA:218,2
DA:222,76
DA:223,4
DA:226,76
DA:227,23
DA:230,23
DA:231,2
DA:232,2
DA:233,6
DA:239,23
DA:240,3
DA:243,23
DA:244,3
DA:245,9
DA:246,9
DA:247,9
DA:251,23
DA:252,2
DA:255,23
DA:256,58
DA:257,58
DA:260,23
DA:262,21
DA:264,55
DA:265,55
DA:266,55
DA:268,21
DA:270,2
DA:271,1
DA:273,2
DA:274,1
DA:277,0
DA:281,23
DA:282,23
DA:284,23
DA:285,23
DA:288,76
DA:290,36
DA:291,36
DA:292,36
DA:295,36
DA:296,0
DA:300,36
DA:301,36
DA:302,0
DA:308,76
DA:309,76
DA:310,76
DA:312,76
DA:313,1
DA:314,1
DA:318,76
DA:319,2
DA:320,2
DA:324,76
DA:325,1
DA:326,1
DA:330,76
DA:331,1
DA:332,1
DA:336,76
DA:337,0
DA:340,76
DA:379,0
DA:382,0
DA:404,0
DA:420,0
DA:441,2
DA:446,3
DA:448,228
DA:457,228
DA:462,1
DA:479,1
DA:488,1
DA:496,2
DA:499,152
DA:506,1
DA:510,18
DA:538,198
DA:547,1
DA:576,15
DA:579,2
DA:591,0
DA:598,74
DA:601,0
DA:609,0
LF:190
LH:155
BRDA:37,0,0,9
BRDA:37,0,1,3
BRDA:55,1,0,1
BRDA:55,1,1,22
BRDA:75,2,0,106
BRDA:75,2,1,92
BRDA:77,3,0,53
BRDA:77,3,1,39
BRDA:86,4,0,1
BRDA:86,4,1,35
BRDA:91,5,0,94
BRDA:91,5,1,57
BRDA:104,6,0,1
BRDA:104,6,1,35
BRDA:108,7,0,0
BRDA:108,7,1,94
BRDA:123,8,0,1
BRDA:123,8,1,35
BRDA:128,9,0,94
BRDA:128,9,1,0
BRDA:176,10,0,0
BRDA:176,10,1,0
BRDA:184,11,0,0
BRDA:184,11,1,0
BRDA:188,12,0,0
BRDA:188,12,1,0
BRDA:199,13,0,0
BRDA:199,13,1,0
BRDA:199,13,2,0
BRDA:199,13,3,0
BRDA:230,14,0,2
BRDA:230,14,1,21
BRDA:233,15,0,6
BRDA:233,15,1,5
BRDA:233,15,2,5
BRDA:239,16,0,1
BRDA:239,16,1,22
BRDA:243,17,0,3
BRDA:243,17,1,20
BRDA:251,18,0,1
BRDA:251,18,1,22
BRDA:257,19,0,58
BRDA:257,19,1,56
BRDA:260,20,0,21
BRDA:260,20,1,1
BRDA:260,20,2,1
BRDA:260,20,3,0
BRDA:295,21,0,0
BRDA:295,21,1,36
BRDA:301,22,0,0
BRDA:301,22,1,36
BRDA:314,23,0,0
BRDA:314,23,1,1
BRDA:356,24,0,0
BRDA:356,24,1,76
BRDA:359,25,0,0
BRDA:359,25,1,76
BRDA:363,26,0,76
BRDA:363,26,1,0
BRDA:508,27,0,76
BRDA:508,27,1,9
BRDA:536,28,0,74
BRDA:536,28,1,2
BRDA:573,29,0,76
BRDA:573,29,1,3
BRDA:578,30,0,3
BRDA:578,30,1,12
BRDA:600,31,0,74
BRDA:600,31,1,0
BRF:69
BRH:49
end_of_record
